Log file open, 10/23/20 19:05:27
LogInit: Display: Running engine for game: ProjectVEX
LogPlatformFile: Not using cached read wrapper
LogTaskGraph: Started task graph with 5 named threads and 35 total threads with 3 sets of task threads.
LogStats: Stats thread started at 0.916735
LogD3D11RHI: Loaded GFSDK_Aftermath_Lib.x64.dll
LogICUInternationalization: ICU TimeZone Detection - Raw Offset: -8:00, Platform Override: ''
LogPluginManager: Mounting plugin Paper2D
LogPluginManager: Mounting plugin AISupport
LogPluginManager: Mounting plugin LightPropagationVolume
LogPluginManager: Mounting plugin CameraShakePreviewer
LogPluginManager: Mounting plugin ActorLayerUtilities
LogPluginManager: Mounting plugin AnimationSharing
LogPluginManager: Mounting plugin CLionSourceCodeAccess
LogPluginManager: Mounting plugin CodeLiteSourceCodeAccess
LogPluginManager: Mounting plugin GitSourceControl
LogPluginManager: Mounting plugin KDevelopSourceCodeAccess
LogPluginManager: Mounting plugin NullSourceCodeAccess
LogPluginManager: Mounting plugin PerforceSourceControl
LogPluginManager: Mounting plugin PlasticSourceControl
LogPluginManager: Mounting plugin RiderSourceCodeAccess
LogPluginManager: Mounting plugin SubversionSourceControl
LogPluginManager: Mounting plugin UObjectPlugin
LogPluginManager: Mounting plugin VisualStudioCodeSourceCodeAccess
LogPluginManager: Mounting plugin VisualStudioSourceCodeAccess
LogPluginManager: Mounting plugin XCodeSourceCodeAccess
LogPluginManager: Mounting plugin AssetManagerEditor
LogPluginManager: Mounting plugin CryptoKeys
LogPluginManager: Mounting plugin CurveEditorTools
LogPluginManager: Mounting plugin DataValidation
LogPluginManager: Mounting plugin EditorScriptingUtilities
LogPluginManager: Mounting plugin FacialAnimation
LogPluginManager: Mounting plugin GameplayTagsEditor
LogPluginManager: Mounting plugin GeometryMode
LogPluginManager: Mounting plugin MacGraphicsSwitching
LogPluginManager: Mounting plugin MaterialAnalyzer
LogPluginManager: Mounting plugin MobileLauncherProfileWizard
LogPluginManager: Mounting plugin PluginBrowser
LogPluginManager: Mounting plugin SpeedTreeImporter
LogPluginManager: Mounting plugin DatasmithContent
LogPluginManager: Mounting plugin VariantManagerContent
LogPluginManager: Mounting plugin AlembicImporter
LogPluginManager: Mounting plugin AutomationUtils
LogPluginManager: Mounting plugin BackChannel
LogPluginManager: Mounting plugin ChaosCloth
LogPluginManager: Mounting plugin ChaosClothEditor
LogPluginManager: Mounting plugin ChaosEditor
LogPluginManager: Mounting plugin ChaosNiagara
LogPluginManager: Mounting plugin ChaosSolverPlugin
LogPluginManager: Mounting plugin CharacterAI
LogPluginManager: Mounting plugin GeometryCache
LogPluginManager: Mounting plugin GeometryCollectionPlugin
LogPluginManager: Mounting plugin GeometryProcessing
LogPluginManager: Mounting plugin PlanarCut
LogPluginManager: Mounting plugin PlatformCrypto
LogPluginManager: Mounting plugin ProxyLODPlugin
LogPluginManager: Mounting plugin RawInput
LogPluginManager: Mounting plugin SkeletalReduction
LogPluginManager: Mounting plugin Niagara
LogPluginManager: Mounting plugin MagicLeap
LogPluginManager: Mounting plugin MagicLeapLightEstimation
LogPluginManager: Mounting plugin MagicLeapMedia
LogPluginManager: Mounting plugin MagicLeapPassableWorld
LogPluginManager: Mounting plugin MLSDK
LogPluginManager: Mounting plugin AndroidMedia
LogPluginManager: Mounting plugin AvfMedia
LogPluginManager: Mounting plugin ImgMedia
LogPluginManager: Mounting plugin MediaCompositing
LogPluginManager: Mounting plugin MediaPlayerEditor
LogPluginManager: Mounting plugin WebMMedia
LogPluginManager: Mounting plugin WmfMedia
LogPluginManager: Mounting plugin MeshPainting
LogPluginManager: Mounting plugin TcpMessaging
LogPluginManager: Mounting plugin UdpMessaging
LogPluginManager: Mounting plugin ActorSequence
LogPluginManager: Mounting plugin LevelSequenceEditor
LogPluginManager: Mounting plugin MatineeToLevelSequence
LogPluginManager: Mounting plugin MovieRenderPipeline
LogPluginManager: Mounting plugin TemplateSequence
LogPluginManager: Mounting plugin NetcodeUnitTest
LogPluginManager: Mounting plugin NUTUnrealEngine4
LogPluginManager: Mounting plugin OnlineSubsystemGooglePlay
LogPluginManager: Mounting plugin OnlineSubsystemIOS
LogPluginManager: Mounting plugin OnlineSubsystem
LogPluginManager: Mounting plugin OnlineSubsystemNull
LogPluginManager: Mounting plugin OnlineSubsystemUtils
LogPluginManager: Mounting plugin LauncherChunkInstaller
LogPluginManager: Mounting plugin AndroidDeviceProfileSelector
LogPluginManager: Mounting plugin AndroidMoviePlayer
LogPluginManager: Mounting plugin AndroidPermission
LogPluginManager: Mounting plugin AppleImageUtils
LogPluginManager: Mounting plugin AppleMoviePlayer
LogPluginManager: Mounting plugin ArchVisCharacter
LogPluginManager: Mounting plugin AssetTags
LogPluginManager: Mounting plugin AudioCapture
LogPluginManager: Mounting plugin CableComponent
LogPluginManager: Mounting plugin CustomMeshComponent
LogPluginManager: Mounting plugin EditableMesh
LogPluginManager: Mounting plugin ExampleDeviceProfileSelector
LogPluginManager: Mounting plugin GoogleCloudMessaging
LogPluginManager: Mounting plugin GooglePAD
LogPluginManager: Mounting plugin IOSDeviceProfileSelector
LogPluginManager: Mounting plugin LinuxDeviceProfileSelector
LogPluginManager: Mounting plugin LocationServicesBPLibrary
LogPluginManager: Mounting plugin MobilePatchingUtils
LogPluginManager: Mounting plugin OculusVR
LogPluginManager: Mounting plugin PhysXVehicles
LogPluginManager: Mounting plugin PostSplashScreen
LogPluginManager: Mounting plugin ProceduralMeshComponent
LogPluginManager: Mounting plugin RuntimePhysXCooking
LogPluginManager: Mounting plugin SignificanceManager
LogPluginManager: Mounting plugin SoundFields
LogPluginManager: Mounting plugin SteamVR
LogPluginManager: Mounting plugin Synthesis
LogPluginManager: Mounting plugin WebMMoviePlayer
LogPluginManager: Mounting plugin WindowsMoviePlayer
LogPluginManager: Mounting plugin ScreenshotTools
LogInit: Using libcurl 7.55.1-DEV
LogInit:  - built for x86_64-pc-win32
LogInit:  - supports SSL with OpenSSL/1.1.1
LogInit:  - supports HTTP deflate (compression) using libz 1.2.8
LogInit:  - other features:
LogInit:      CURL_VERSION_SSL
LogInit:      CURL_VERSION_LIBZ
LogInit:      CURL_VERSION_IPV6
LogInit:      CURL_VERSION_ASYNCHDNS
LogInit:      CURL_VERSION_LARGEFILE
LogInit:      CURL_VERSION_IDN
LogInit:  CurlRequestOptions (configurable via config and command line):
LogInit:  - bVerifyPeer = true  - Libcurl will verify peer certificate
LogInit:  - bUseHttpProxy = false  - Libcurl will NOT use HTTP proxy
LogInit:  - bDontReuseConnections = false  - Libcurl will reuse connections
LogInit:  - MaxHostConnections = 16  - Libcurl will limit the number of connections to a host
LogInit:  - LocalHostAddr = Default
LogInit:  - BufferSize = 65536
LogOnline: OSS: Creating online subsystem instance for: NULL
LogInit: WinSock: version 1.1 (2.2), MaxSocks=32767, MaxUdp=65467
LogOnline: OSS: TryLoadSubsystemAndSetDefault: Loaded subsystem for module [NULL]
LogInit: Build: ++UE4+Release-4.25-CL-14469661
LogInit: Engine Version: 4.25.4-14469661+++UE4+Release-4.25
LogInit: Compatible Engine Version: 4.25.0-13144385+++UE4+Release-4.25
LogInit: Net CL: 13144385
LogInit: OS: Windows 10 (Release 2004) (), CPU: Intel(R) Core(TM) i7-9750H CPU @ 2.60GHz, GPU: Intel(R) UHD Graphics 630
LogInit: Compiled (64-bit): Oct 11 2020 08:10:49
LogInit: Compiled with Visual C++: 19.24.28315.00
LogInit: Build Configuration: Development
LogInit: Branch Name: ++UE4+Release-4.25
LogInit: Command Line: 
LogInit: Base Directory: D:/UE4/UE_4.25/Engine/Binaries/Win64/
LogInit: Allocator: TBB
LogInit: Installed Engine Build: 1
LogDevObjectVersion: Number of dev versions registered: 26
LogDevObjectVersion:   Dev-Blueprints (B0D832E4-1F89-4F0D-ACCF-7EB736FD4AA2): 10
LogDevObjectVersion:   Dev-Build (E1C64328-A22C-4D53-A36C-8E866417BD8C): 0
LogDevObjectVersion:   Dev-Core (375EC13C-06E4-48FB-B500-84F0262A717E): 4
LogDevObjectVersion:   Dev-Editor (E4B068ED-F494-42E9-A231-DA0B2E46BB41): 38
LogDevObjectVersion:   Dev-Framework (CFFC743F-43B0-4480-9391-14DF171D2073): 37
LogDevObjectVersion:   Dev-Mobile (B02B49B5-BB20-44E9-A304-32B752E40360): 2
LogDevObjectVersion:   Dev-Networking (A4E4105C-59A1-49B5-A7C5-40C4547EDFEE): 0
LogDevObjectVersion:   Dev-Online (39C831C9-5AE6-47DC-9A44-9C173E1C8E7C): 0
LogDevObjectVersion:   Dev-Physics (78F01B33-EBEA-4F98-B9B4-84EACCB95AA2): 4
LogDevObjectVersion:   Dev-Platform (6631380F-2D4D-43E0-8009-CF276956A95A): 0
LogDevObjectVersion:   Dev-Rendering (12F88B9F-8875-4AFC-A67C-D90C383ABD29): 43
LogDevObjectVersion:   Dev-Sequencer (7B5AE74C-D270-4C10-A958-57980B212A5A): 12
LogDevObjectVersion:   Dev-VR (D7296918-1DD6-4BDD-9DE2-64A83CC13884): 3
LogDevObjectVersion:   Dev-LoadTimes (C2A15278-BFE7-4AFE-6C17-90FF531DF755): 1
LogDevObjectVersion:   Private-Geometry (6EACA3D4-40EC-4CC1-B786-8BED09428FC5): 3
LogDevObjectVersion:   Dev-AnimPhys (29E575DD-E0A3-4627-9D10-D276232CDCEA): 17
LogDevObjectVersion:   Dev-Anim (AF43A65D-7FD3-4947-9873-3E8ED9C1BB05): 7
LogDevObjectVersion:   Dev-ReflectionCapture (6B266CEC-1EC7-4B8F-A30B-E4D90942FC07): 1
LogDevObjectVersion:   Dev-Automation (0DF73D61-A23F-47EA-B727-89E90C41499A): 1
LogDevObjectVersion:   FortniteMain (601D1886-AC64-4F84-AA16-D3DE0DEAC7D6): 31
LogDevObjectVersion:   Dev-Enterprise (9DFFBCD6-494F-0158-E221-12823C92A888): 10
LogDevObjectVersion:   Dev-Niagara (F2AED0AC-9AFE-416F-8664-AA7FFA26D6FC): 1
LogDevObjectVersion:   Dev-Destruction (174F1F0B-B4C6-45A5-B13F-2EE8D0FB917D): 10
LogDevObjectVersion:   Dev-Physics-Ext (35F94A83-E258-406C-A318-09F59610247C): 37
LogDevObjectVersion:   Dev-PhysicsMaterial-Chaos (B68FC16E-8B1B-42E2-B453-215C058844FE): 1
LogDevObjectVersion:   Dev-CineCamera (B2E18506-4273-CFC2-A54E-F4BB758BBA07): 1
LogInit: Presizing for max 25165824 objects, including 0 objects not considered by GC, pre-allocating 0 bytes for permanent pool.
LogConfig: Applying CVar settings from Section [/Script/Engine.StreamingSettings] File [D:/UEProjects/VEXSim/Saved/Config/Windows/Engine.ini]
LogConfig: Setting CVar [[s.MinBulkDataSizeForAsyncLoading:131072]]
LogConfig: Setting CVar [[s.AsyncLoadingThreadEnabled:0]]
LogConfig: Setting CVar [[s.EventDrivenLoaderEnabled:1]]
LogConfig: Setting CVar [[s.WarnIfTimeLimitExceeded:0]]
LogConfig: Setting CVar [[s.TimeLimitExceededMultiplier:1.5]]
LogConfig: Setting CVar [[s.TimeLimitExceededMinTime:0.005]]
LogConfig: Setting CVar [[s.UseBackgroundLevelStreaming:1]]
LogConfig: Setting CVar [[s.PriorityAsyncLoadingExtraTime:15.0]]
LogConfig: Setting CVar [[s.LevelStreamingActorsUpdateTimeLimit:5.0]]
LogConfig: Setting CVar [[s.PriorityLevelStreamingActorsUpdateExtraTime:5.0]]
LogConfig: Setting CVar [[s.LevelStreamingComponentsRegistrationGranularity:10]]
LogConfig: Setting CVar [[s.UnregisterComponentsTimeLimit:1.0]]
LogConfig: Setting CVar [[s.LevelStreamingComponentsUnregistrationGranularity:5]]
LogConfig: Setting CVar [[s.FlushStreamingOnExit:1]]
LogInit: Object subsystem initialized
LogConfig: Setting CVar [[con.DebugEarlyDefault:1]]
LogConfig: Setting CVar [[r.setres:1280x720]]
[2020.10.24-02.05.29:445][  0]LogConfig: Setting CVar [[r.VSync:0]]
[2020.10.24-02.05.29:445][  0]LogConfig: Setting CVar [[r.RHICmdBypass:0]]
[2020.10.24-02.05.29:445][  0]LogConfig: Applying CVar settings from Section [/Script/Engine.RendererSettings] File [D:/UEProjects/VEXSim/Saved/Config/Windows/Engine.ini]
[2020.10.24-02.05.29:445][  0]LogConfig: Setting CVar [[r.GPUCrashDebugging:0]]
[2020.10.24-02.05.29:445][  0]LogConfig: Applying CVar settings from Section [/Script/Engine.RendererOverrideSettings] File [D:/UEProjects/VEXSim/Saved/Config/Windows/Engine.ini]
[2020.10.24-02.05.29:445][  0]LogConfig: Applying CVar settings from Section [/Script/Engine.StreamingSettings] File [D:/UEProjects/VEXSim/Saved/Config/Windows/Engine.ini]
[2020.10.24-02.05.29:445][  0]LogConfig: Setting CVar [[s.MinBulkDataSizeForAsyncLoading:131072]]
[2020.10.24-02.05.29:446][  0]LogConfig: Setting CVar [[s.AsyncLoadingThreadEnabled:0]]
[2020.10.24-02.05.29:446][  0]LogConfig: Setting CVar [[s.EventDrivenLoaderEnabled:1]]
[2020.10.24-02.05.29:446][  0]LogConfig: Setting CVar [[s.WarnIfTimeLimitExceeded:0]]
[2020.10.24-02.05.29:446][  0]LogConfig: Setting CVar [[s.TimeLimitExceededMultiplier:1.5]]
[2020.10.24-02.05.29:446][  0]LogConfig: Setting CVar [[s.TimeLimitExceededMinTime:0.005]]
[2020.10.24-02.05.29:446][  0]LogConfig: Setting CVar [[s.UseBackgroundLevelStreaming:1]]
[2020.10.24-02.05.29:446][  0]LogConfig: Setting CVar [[s.PriorityAsyncLoadingExtraTime:15.0]]
[2020.10.24-02.05.29:446][  0]LogConfig: Setting CVar [[s.LevelStreamingActorsUpdateTimeLimit:5.0]]
[2020.10.24-02.05.29:446][  0]LogConfig: Setting CVar [[s.PriorityLevelStreamingActorsUpdateExtraTime:5.0]]
[2020.10.24-02.05.29:446][  0]LogConfig: Setting CVar [[s.LevelStreamingComponentsRegistrationGranularity:10]]
[2020.10.24-02.05.29:446][  0]LogConfig: Setting CVar [[s.UnregisterComponentsTimeLimit:1.0]]
[2020.10.24-02.05.29:446][  0]LogConfig: Setting CVar [[s.LevelStreamingComponentsUnregistrationGranularity:5]]
[2020.10.24-02.05.29:446][  0]LogConfig: Setting CVar [[s.FlushStreamingOnExit:1]]
[2020.10.24-02.05.29:446][  0]LogConfig: Applying CVar settings from Section [/Script/Engine.GarbageCollectionSettings] File [D:/UEProjects/VEXSim/Saved/Config/Windows/Engine.ini]
[2020.10.24-02.05.29:446][  0]LogConfig: Setting CVar [[gc.MaxObjectsNotConsideredByGC:1]]
[2020.10.24-02.05.29:446][  0]LogConfig: Setting CVar [[gc.SizeOfPermanentObjectPool:0]]
[2020.10.24-02.05.29:446][  0]LogConfig: Setting CVar [[gc.FlushStreamingOnGC:0]]
[2020.10.24-02.05.29:446][  0]LogConfig: Setting CVar [[gc.NumRetriesBeforeForcingGC:10]]
[2020.10.24-02.05.29:446][  0]LogConfig: Setting CVar [[gc.AllowParallelGC:1]]
[2020.10.24-02.05.29:446][  0]LogConfig: Setting CVar [[gc.TimeBetweenPurgingPendingKillObjects:61.1]]
[2020.10.24-02.05.29:446][  0]LogConfig: Setting CVar [[gc.MaxObjectsInEditor:25165824]]
[2020.10.24-02.05.29:446][  0]LogConfig: Setting CVar [[gc.IncrementalBeginDestroyEnabled:1]]
[2020.10.24-02.05.29:446][  0]LogConfig: Setting CVar [[gc.CreateGCClusters:1]]
[2020.10.24-02.05.29:446][  0]LogConfig: Setting CVar [[gc.MinGCClusterSize:5]]
[2020.10.24-02.05.29:446][  0]LogConfig: Setting CVar [[gc.ActorClusteringEnabled:0]]
[2020.10.24-02.05.29:446][  0]LogConfig: Setting CVar [[gc.BlueprintClusteringEnabled:0]]
[2020.10.24-02.05.29:446][  0]LogConfig: Setting CVar [[gc.UseDisregardForGCOnDedicatedServers:0]]
[2020.10.24-02.05.29:446][  0]LogConfig: Applying CVar settings from Section [/Script/Engine.NetworkSettings] File [D:/UEProjects/VEXSim/Saved/Config/Windows/Engine.ini]
[2020.10.24-02.05.29:446][  0]LogConfig: Applying CVar settings from Section [/Script/UnrealEd.CookerSettings] File [D:/UEProjects/VEXSim/Saved/Config/Windows/Engine.ini]
[2020.10.24-02.05.29:448][  0]LogConfig: Applying CVar settings from Section [ViewDistanceQuality@3] File [D:/UEProjects/VEXSim/Saved/Config/Windows/Scalability.ini]
[2020.10.24-02.05.29:448][  0]LogConfig: Setting CVar [[r.SkeletalMeshLODBias:0]]
[2020.10.24-02.05.29:448][  0]LogConfig: Setting CVar [[r.ViewDistanceScale:1.0]]
[2020.10.24-02.05.29:448][  0]LogConfig: Applying CVar settings from Section [AntiAliasingQuality@3] File [D:/UEProjects/VEXSim/Saved/Config/Windows/Scalability.ini]
[2020.10.24-02.05.29:448][  0]LogConfig: Setting CVar [[r.PostProcessAAQuality:4]]
[2020.10.24-02.05.29:448][  0]LogConfig: Applying CVar settings from Section [ShadowQuality@3] File [D:/UEProjects/VEXSim/Saved/Config/Windows/Scalability.ini]
[2020.10.24-02.05.29:448][  0]LogConfig: Setting CVar [[r.LightFunctionQuality:1]]
[2020.10.24-02.05.29:448][  0]LogConfig: Setting CVar [[r.ShadowQuality:5]]
[2020.10.24-02.05.29:448][  0]LogConfig: Setting CVar [[r.Shadow.CSM.MaxCascades:10]]
[2020.10.24-02.05.29:448][  0]LogConfig: Setting CVar [[r.Shadow.MaxResolution:2048]]
[2020.10.24-02.05.29:448][  0]LogConfig: Setting CVar [[r.Shadow.MaxCSMResolution:2048]]
[2020.10.24-02.05.29:448][  0]LogConfig: Setting CVar [[r.Shadow.RadiusThreshold:0.01]]
[2020.10.24-02.05.29:448][  0]LogConfig: Setting CVar [[r.Shadow.DistanceScale:1.0]]
[2020.10.24-02.05.29:448][  0]LogConfig: Setting CVar [[r.Shadow.CSM.TransitionScale:1.0]]
[2020.10.24-02.05.29:448][  0]LogConfig: Setting CVar [[r.Shadow.PreShadowResolutionFactor:1.0]]
[2020.10.24-02.05.29:448][  0]LogConfig: Setting CVar [[r.DistanceFieldShadowing:1]]
[2020.10.24-02.05.29:448][  0]LogConfig: Setting CVar [[r.DistanceFieldAO:1]]
[2020.10.24-02.05.29:448][  0]LogConfig: Setting CVar [[r.AOQuality:2]]
[2020.10.24-02.05.29:448][  0]LogConfig: Setting CVar [[r.VolumetricFog:1]]
[2020.10.24-02.05.29:448][  0]LogConfig: Setting CVar [[r.VolumetricFog.GridPixelSize:8]]
[2020.10.24-02.05.29:448][  0]LogConfig: Setting CVar [[r.VolumetricFog.GridSizeZ:128]]
[2020.10.24-02.05.29:448][  0]LogConfig: Setting CVar [[r.VolumetricFog.HistoryMissSupersampleCount:4]]
[2020.10.24-02.05.29:448][  0]LogConfig: Setting CVar [[r.LightMaxDrawDistanceScale:1]]
[2020.10.24-02.05.29:448][  0]LogConfig: Setting CVar [[r.CapsuleShadows:1]]
[2020.10.24-02.05.29:448][  0]LogConfig: Applying CVar settings from Section [PostProcessQuality@3] File [D:/UEProjects/VEXSim/Saved/Config/Windows/Scalability.ini]
[2020.10.24-02.05.29:448][  0]LogConfig: Setting CVar [[r.MotionBlurQuality:4]]
[2020.10.24-02.05.29:448][  0]LogConfig: Setting CVar [[r.AmbientOcclusionMipLevelFactor:0.4]]
[2020.10.24-02.05.29:448][  0]LogConfig: Setting CVar [[r.AmbientOcclusionMaxQuality:100]]
[2020.10.24-02.05.29:448][  0]LogConfig: Setting CVar [[r.AmbientOcclusionLevels:-1]]
[2020.10.24-02.05.29:448][  0]LogConfig: Setting CVar [[r.AmbientOcclusionRadiusScale:1.0]]
[2020.10.24-02.05.29:448][  0]LogConfig: Setting CVar [[r.DepthOfFieldQuality:2]]
[2020.10.24-02.05.29:448][  0]LogConfig: Setting CVar [[r.RenderTargetPoolMin:400]]
[2020.10.24-02.05.29:448][  0]LogConfig: Setting CVar [[r.LensFlareQuality:2]]
[2020.10.24-02.05.29:448][  0]LogConfig: Setting CVar [[r.SceneColorFringeQuality:1]]
[2020.10.24-02.05.29:448][  0]LogConfig: Setting CVar [[r.EyeAdaptationQuality:2]]
[2020.10.24-02.05.29:448][  0]LogConfig: Setting CVar [[r.BloomQuality:5]]
[2020.10.24-02.05.29:449][  0]LogConfig: Setting CVar [[r.FastBlurThreshold:100]]
[2020.10.24-02.05.29:449][  0]LogConfig: Setting CVar [[r.Upscale.Quality:3]]
[2020.10.24-02.05.29:449][  0]LogConfig: Setting CVar [[r.Tonemapper.GrainQuantization:1]]
[2020.10.24-02.05.29:449][  0]LogConfig: Setting CVar [[r.LightShaftQuality:1]]
[2020.10.24-02.05.29:449][  0]LogConfig: Setting CVar [[r.Filter.SizeScale:1]]
[2020.10.24-02.05.29:449][  0]LogConfig: Setting CVar [[r.Tonemapper.Quality:5]]
[2020.10.24-02.05.29:449][  0]LogConfig: Setting CVar [[r.DOF.Gather.AccumulatorQuality:1        ; higher gathering accumulator quality]]
[2020.10.24-02.05.29:449][  0]LogConfig: Setting CVar [[r.DOF.Gather.PostfilterMethod:1          ; Median3x3 postfilering method]]
[2020.10.24-02.05.29:449][  0]LogConfig: Setting CVar [[r.DOF.Gather.EnableBokehSettings:0       ; no bokeh simulation when gathering]]
[2020.10.24-02.05.29:449][  0]LogConfig: Setting CVar [[r.DOF.Gather.RingCount:4                 ; medium number of samples when gathering]]
[2020.10.24-02.05.29:449][  0]LogConfig: Setting CVar [[r.DOF.Scatter.ForegroundCompositing:1    ; additive foreground scattering]]
[2020.10.24-02.05.29:449][  0]LogConfig: Setting CVar [[r.DOF.Scatter.BackgroundCompositing:2    ; additive background scattering]]
[2020.10.24-02.05.29:449][  0]LogConfig: Setting CVar [[r.DOF.Scatter.EnableBokehSettings:1      ; bokeh simulation when scattering]]
[2020.10.24-02.05.29:449][  0]LogConfig: Setting CVar [[r.DOF.Scatter.MaxSpriteRatio:0.1         ; only a maximum of 10% of scattered bokeh]]
[2020.10.24-02.05.29:449][  0]LogConfig: Setting CVar [[r.DOF.Recombine.Quality:1                ; cheap slight out of focus]]
[2020.10.24-02.05.29:449][  0]LogConfig: Setting CVar [[r.DOF.Recombine.EnableBokehSettings:0    ; no bokeh simulation on slight out of focus]]
[2020.10.24-02.05.29:449][  0]LogConfig: Setting CVar [[r.DOF.TemporalAAQuality:1                ; more stable temporal accumulation]]
[2020.10.24-02.05.29:449][  0]LogConfig: Setting CVar [[r.DOF.Kernel.MaxForegroundRadius:0.025]]
[2020.10.24-02.05.29:449][  0]LogConfig: Setting CVar [[r.DOF.Kernel.MaxBackgroundRadius:0.025]]
[2020.10.24-02.05.29:449][  0]LogConfig: Applying CVar settings from Section [TextureQuality@3] File [D:/UEProjects/VEXSim/Saved/Config/Windows/Scalability.ini]
[2020.10.24-02.05.29:449][  0]LogConfig: Setting CVar [[r.Streaming.MipBias:0]]
[2020.10.24-02.05.29:449][  0]LogConfig: Setting CVar [[r.Streaming.AmortizeCPUToGPUCopy:0]]
[2020.10.24-02.05.29:449][  0]LogConfig: Setting CVar [[r.Streaming.MaxNumTexturesToStreamPerFrame:0]]
[2020.10.24-02.05.29:449][  0]LogConfig: Setting CVar [[r.Streaming.Boost:1]]
[2020.10.24-02.05.29:449][  0]LogConfig: Setting CVar [[r.MaxAnisotropy:8]]
[2020.10.24-02.05.29:449][  0]LogConfig: Setting CVar [[r.VT.MaxAnisotropy:8]]
[2020.10.24-02.05.29:449][  0]LogConfig: Setting CVar [[r.Streaming.LimitPoolSizeToVRAM:0]]
[2020.10.24-02.05.29:449][  0]LogConfig: Setting CVar [[r.Streaming.PoolSize:1000]]
[2020.10.24-02.05.29:449][  0]LogConfig: Setting CVar [[r.Streaming.MaxEffectiveScreenSize:0]]
[2020.10.24-02.05.29:449][  0]LogConfig: Applying CVar settings from Section [EffectsQuality@3] File [D:/UEProjects/VEXSim/Saved/Config/Windows/Scalability.ini]
[2020.10.24-02.05.29:449][  0]LogConfig: Setting CVar [[r.TranslucencyLightingVolumeDim:64]]
[2020.10.24-02.05.29:449][  0]LogConfig: Setting CVar [[r.RefractionQuality:2]]
[2020.10.24-02.05.29:449][  0]LogConfig: Setting CVar [[r.SSR.Quality:3]]
[2020.10.24-02.05.29:449][  0]LogConfig: Setting CVar [[r.SSR.HalfResSceneColor:0]]
[2020.10.24-02.05.29:449][  0]LogConfig: Setting CVar [[r.SceneColorFormat:4]]
[2020.10.24-02.05.29:449][  0]LogConfig: Setting CVar [[r.DetailMode:2]]
[2020.10.24-02.05.29:449][  0]LogConfig: Setting CVar [[r.TranslucencyVolumeBlur:1]]
[2020.10.24-02.05.29:449][  0]LogConfig: Setting CVar [[r.MaterialQualityLevel:1 ; High quality]]
[2020.10.24-02.05.29:449][  0]LogConfig: Setting CVar [[r.SSS.Scale:1]]
[2020.10.24-02.05.29:449][  0]LogConfig: Setting CVar [[r.SSS.SampleSet:2]]
[2020.10.24-02.05.29:449][  0]LogConfig: Setting CVar [[r.SSS.Quality:1]]
[2020.10.24-02.05.29:449][  0]LogConfig: Setting CVar [[r.SSS.HalfRes:0]]
[2020.10.24-02.05.29:449][  0]LogConfig: Setting CVar [[r.SSGI.Quality:3]]
[2020.10.24-02.05.29:449][  0]LogConfig: Setting CVar [[r.EmitterSpawnRateScale:1.0]]
[2020.10.24-02.05.29:449][  0]LogConfig: Setting CVar [[r.ParticleLightQuality:2]]
[2020.10.24-02.05.29:449][  0]LogConfig: Setting CVar [[r.SkyAtmosphere.AerialPerspectiveLUT.FastApplyOnOpaque:1 ; Always have FastSkyLUT 1 in this case to avoid wrong sky]]
[2020.10.24-02.05.29:449][  0]LogConfig: Setting CVar [[r.SkyAtmosphere.AerialPerspectiveLUT.SampleCountPerSlice:1]]
[2020.10.24-02.05.29:449][  0]LogConfig: Setting CVar [[r.SkyAtmosphere.AerialPerspectiveLUT.DepthResolution:16.0]]
[2020.10.24-02.05.29:449][  0]LogConfig: Setting CVar [[r.SkyAtmosphere.FastSkyLUT:1]]
[2020.10.24-02.05.29:449][  0]LogConfig: Setting CVar [[r.SkyAtmosphere.FastSkyLUT.SampleCountMin:4.0]]
[2020.10.24-02.05.29:449][  0]LogConfig: Setting CVar [[r.SkyAtmosphere.FastSkyLUT.SampleCountMax:32.0]]
[2020.10.24-02.05.29:449][  0]LogConfig: Setting CVar [[r.SkyAtmosphere.SampleCountMin:4.0]]
[2020.10.24-02.05.29:449][  0]LogConfig: Setting CVar [[r.SkyAtmosphere.SampleCountMax:32.0]]
[2020.10.24-02.05.29:449][  0]LogConfig: Setting CVar [[r.SkyAtmosphere.TransmittanceLUT.UseSmallFormat:0]]
[2020.10.24-02.05.29:449][  0]LogConfig: Setting CVar [[r.SkyAtmosphere.TransmittanceLUT.SampleCount:10.0]]
[2020.10.24-02.05.29:449][  0]LogConfig: Setting CVar [[r.SkyAtmosphere.MultiScatteringLUT.SampleCount:15.0]]
[2020.10.24-02.05.29:449][  0]LogConfig: Applying CVar settings from Section [FoliageQuality@3] File [D:/UEProjects/VEXSim/Saved/Config/Windows/Scalability.ini]
[2020.10.24-02.05.29:449][  0]LogConfig: Setting CVar [[foliage.DensityScale:1.0]]
[2020.10.24-02.05.29:449][  0]LogConfig: Setting CVar [[grass.DensityScale:1.0]]
[2020.10.24-02.05.29:449][  0]LogConfig: Applying CVar settings from Section [ShadingQuality@3] File [D:/UEProjects/VEXSim/Saved/Config/Windows/Scalability.ini]
[2020.10.24-02.05.29:449][  0]LogConfig: Setting CVar [[r.HairStrands.SkyLighting.SampleCount:16]]
[2020.10.24-02.05.29:449][  0]LogConfig: Setting CVar [[r.HairStrands.SkyLighting.JitterIntegration:0]]
[2020.10.24-02.05.29:449][  0]LogConfig: Setting CVar [[r.HairStrands.SkyAO.SampleCount:16]]
[2020.10.24-02.05.29:449][  0]LogConfig: Setting CVar [[r.HairStrands.DeepShadow.SuperSampling:0]]
[2020.10.24-02.05.29:449][  0]LogConfig: Setting CVar [[r.HairStrands.VisibilityPPLL:0]]
[2020.10.24-02.05.29:449][  0]LogConfig: Setting CVar [[r.HairStrands.RasterizationScale:0.5]]
[2020.10.24-02.05.29:449][  0]LogConfig: Setting CVar [[r.HairStrands.VelocityRasterizationScale:1]]
[2020.10.24-02.05.29:449][  0]LogInit: Selected Device Profile: [Windows]
[2020.10.24-02.05.29:449][  0]LogInit: Applying CVar settings loaded from the selected device profile: [Windows]
[2020.10.24-02.05.29:449][  0]LogHAL: Display: Platform has ~ 16 GB [16983543808 / 17179869184 / 16], which maps to Larger [LargestMinGB=32, LargerMinGB=12, DefaultMinGB=8, SmallerMinGB=6, SmallestMinGB=0)
[2020.10.24-02.05.29:449][  0]LogInit: Going up to parent DeviceProfile []
[2020.10.24-02.05.29:449][  0]LogConfig: Applying CVar settings from Section [ViewDistanceQuality@3] File [D:/UEProjects/VEXSim/Saved/Config/Windows/Scalability.ini]
[2020.10.24-02.05.29:449][  0]LogConfig: Setting CVar [[r.SkeletalMeshLODBias:0]]
[2020.10.24-02.05.29:449][  0]LogConfig: Setting CVar [[r.ViewDistanceScale:1.0]]
[2020.10.24-02.05.29:449][  0]LogConfig: Applying CVar settings from Section [AntiAliasingQuality@3] File [D:/UEProjects/VEXSim/Saved/Config/Windows/Scalability.ini]
[2020.10.24-02.05.29:449][  0]LogConfig: Setting CVar [[r.PostProcessAAQuality:4]]
[2020.10.24-02.05.29:449][  0]LogConfig: Applying CVar settings from Section [ShadowQuality@3] File [D:/UEProjects/VEXSim/Saved/Config/Windows/Scalability.ini]
[2020.10.24-02.05.29:449][  0]LogConfig: Setting CVar [[r.LightFunctionQuality:1]]
[2020.10.24-02.05.29:450][  0]LogConfig: Setting CVar [[r.ShadowQuality:5]]
[2020.10.24-02.05.29:450][  0]LogConfig: Setting CVar [[r.Shadow.CSM.MaxCascades:10]]
[2020.10.24-02.05.29:450][  0]LogConfig: Setting CVar [[r.Shadow.MaxResolution:2048]]
[2020.10.24-02.05.29:450][  0]LogConfig: Setting CVar [[r.Shadow.MaxCSMResolution:2048]]
[2020.10.24-02.05.29:450][  0]LogConfig: Setting CVar [[r.Shadow.RadiusThreshold:0.01]]
[2020.10.24-02.05.29:450][  0]LogConfig: Setting CVar [[r.Shadow.DistanceScale:1.0]]
[2020.10.24-02.05.29:450][  0]LogConfig: Setting CVar [[r.Shadow.CSM.TransitionScale:1.0]]
[2020.10.24-02.05.29:450][  0]LogConfig: Setting CVar [[r.Shadow.PreShadowResolutionFactor:1.0]]
[2020.10.24-02.05.29:450][  0]LogConfig: Setting CVar [[r.DistanceFieldShadowing:1]]
[2020.10.24-02.05.29:450][  0]LogConfig: Setting CVar [[r.DistanceFieldAO:1]]
[2020.10.24-02.05.29:450][  0]LogConfig: Setting CVar [[r.AOQuality:2]]
[2020.10.24-02.05.29:450][  0]LogConfig: Setting CVar [[r.VolumetricFog:1]]
[2020.10.24-02.05.29:450][  0]LogConfig: Setting CVar [[r.VolumetricFog.GridPixelSize:8]]
[2020.10.24-02.05.29:450][  0]LogConfig: Setting CVar [[r.VolumetricFog.GridSizeZ:128]]
[2020.10.24-02.05.29:450][  0]LogConfig: Setting CVar [[r.VolumetricFog.HistoryMissSupersampleCount:4]]
[2020.10.24-02.05.29:450][  0]LogConfig: Setting CVar [[r.LightMaxDrawDistanceScale:1]]
[2020.10.24-02.05.29:450][  0]LogConfig: Setting CVar [[r.CapsuleShadows:1]]
[2020.10.24-02.05.29:450][  0]LogConfig: Applying CVar settings from Section [PostProcessQuality@3] File [D:/UEProjects/VEXSim/Saved/Config/Windows/Scalability.ini]
[2020.10.24-02.05.29:450][  0]LogConfig: Setting CVar [[r.MotionBlurQuality:4]]
[2020.10.24-02.05.29:450][  0]LogConfig: Setting CVar [[r.AmbientOcclusionMipLevelFactor:0.4]]
[2020.10.24-02.05.29:450][  0]LogConfig: Setting CVar [[r.AmbientOcclusionMaxQuality:100]]
[2020.10.24-02.05.29:450][  0]LogConfig: Setting CVar [[r.AmbientOcclusionLevels:-1]]
[2020.10.24-02.05.29:450][  0]LogConfig: Setting CVar [[r.AmbientOcclusionRadiusScale:1.0]]
[2020.10.24-02.05.29:450][  0]LogConfig: Setting CVar [[r.DepthOfFieldQuality:2]]
[2020.10.24-02.05.29:450][  0]LogConfig: Setting CVar [[r.RenderTargetPoolMin:400]]
[2020.10.24-02.05.29:450][  0]LogConfig: Setting CVar [[r.LensFlareQuality:2]]
[2020.10.24-02.05.29:450][  0]LogConfig: Setting CVar [[r.SceneColorFringeQuality:1]]
[2020.10.24-02.05.29:450][  0]LogConfig: Setting CVar [[r.EyeAdaptationQuality:2]]
[2020.10.24-02.05.29:450][  0]LogConfig: Setting CVar [[r.BloomQuality:5]]
[2020.10.24-02.05.29:450][  0]LogConfig: Setting CVar [[r.FastBlurThreshold:100]]
[2020.10.24-02.05.29:450][  0]LogConfig: Setting CVar [[r.Upscale.Quality:3]]
[2020.10.24-02.05.29:450][  0]LogConfig: Setting CVar [[r.Tonemapper.GrainQuantization:1]]
[2020.10.24-02.05.29:450][  0]LogConfig: Setting CVar [[r.LightShaftQuality:1]]
[2020.10.24-02.05.29:450][  0]LogConfig: Setting CVar [[r.Filter.SizeScale:1]]
[2020.10.24-02.05.29:450][  0]LogConfig: Setting CVar [[r.Tonemapper.Quality:5]]
[2020.10.24-02.05.29:450][  0]LogConfig: Setting CVar [[r.DOF.Gather.AccumulatorQuality:1        ; higher gathering accumulator quality]]
[2020.10.24-02.05.29:450][  0]LogConfig: Setting CVar [[r.DOF.Gather.PostfilterMethod:1          ; Median3x3 postfilering method]]
[2020.10.24-02.05.29:450][  0]LogConfig: Setting CVar [[r.DOF.Gather.EnableBokehSettings:0       ; no bokeh simulation when gathering]]
[2020.10.24-02.05.29:450][  0]LogConfig: Setting CVar [[r.DOF.Gather.RingCount:4                 ; medium number of samples when gathering]]
[2020.10.24-02.05.29:450][  0]LogConfig: Setting CVar [[r.DOF.Scatter.ForegroundCompositing:1    ; additive foreground scattering]]
[2020.10.24-02.05.29:450][  0]LogConfig: Setting CVar [[r.DOF.Scatter.BackgroundCompositing:2    ; additive background scattering]]
[2020.10.24-02.05.29:450][  0]LogConfig: Setting CVar [[r.DOF.Scatter.EnableBokehSettings:1      ; bokeh simulation when scattering]]
[2020.10.24-02.05.29:450][  0]LogConfig: Setting CVar [[r.DOF.Scatter.MaxSpriteRatio:0.1         ; only a maximum of 10% of scattered bokeh]]
[2020.10.24-02.05.29:450][  0]LogConfig: Setting CVar [[r.DOF.Recombine.Quality:1                ; cheap slight out of focus]]
[2020.10.24-02.05.29:450][  0]LogConfig: Setting CVar [[r.DOF.Recombine.EnableBokehSettings:0    ; no bokeh simulation on slight out of focus]]
[2020.10.24-02.05.29:450][  0]LogConfig: Setting CVar [[r.DOF.TemporalAAQuality:1                ; more stable temporal accumulation]]
[2020.10.24-02.05.29:450][  0]LogConfig: Setting CVar [[r.DOF.Kernel.MaxForegroundRadius:0.025]]
[2020.10.24-02.05.29:450][  0]LogConfig: Setting CVar [[r.DOF.Kernel.MaxBackgroundRadius:0.025]]
[2020.10.24-02.05.29:450][  0]LogConfig: Applying CVar settings from Section [TextureQuality@3] File [D:/UEProjects/VEXSim/Saved/Config/Windows/Scalability.ini]
[2020.10.24-02.05.29:450][  0]LogConfig: Setting CVar [[r.Streaming.MipBias:0]]
[2020.10.24-02.05.29:450][  0]LogConfig: Setting CVar [[r.Streaming.AmortizeCPUToGPUCopy:0]]
[2020.10.24-02.05.29:450][  0]LogConfig: Setting CVar [[r.Streaming.MaxNumTexturesToStreamPerFrame:0]]
[2020.10.24-02.05.29:450][  0]LogConfig: Setting CVar [[r.Streaming.Boost:1]]
[2020.10.24-02.05.29:450][  0]LogConfig: Setting CVar [[r.MaxAnisotropy:8]]
[2020.10.24-02.05.29:450][  0]LogConfig: Setting CVar [[r.VT.MaxAnisotropy:8]]
[2020.10.24-02.05.29:450][  0]LogConfig: Setting CVar [[r.Streaming.LimitPoolSizeToVRAM:0]]
[2020.10.24-02.05.29:450][  0]LogConfig: Setting CVar [[r.Streaming.PoolSize:1000]]
[2020.10.24-02.05.29:450][  0]LogConfig: Setting CVar [[r.Streaming.MaxEffectiveScreenSize:0]]
[2020.10.24-02.05.29:450][  0]LogConfig: Applying CVar settings from Section [EffectsQuality@3] File [D:/UEProjects/VEXSim/Saved/Config/Windows/Scalability.ini]
[2020.10.24-02.05.29:450][  0]LogConfig: Setting CVar [[r.TranslucencyLightingVolumeDim:64]]
[2020.10.24-02.05.29:450][  0]LogConfig: Setting CVar [[r.RefractionQuality:2]]
[2020.10.24-02.05.29:450][  0]LogConfig: Setting CVar [[r.SSR.Quality:3]]
[2020.10.24-02.05.29:450][  0]LogConfig: Setting CVar [[r.SSR.HalfResSceneColor:0]]
[2020.10.24-02.05.29:450][  0]LogConfig: Setting CVar [[r.SceneColorFormat:4]]
[2020.10.24-02.05.29:450][  0]LogConfig: Setting CVar [[r.DetailMode:2]]
[2020.10.24-02.05.29:450][  0]LogConfig: Setting CVar [[r.TranslucencyVolumeBlur:1]]
[2020.10.24-02.05.29:450][  0]LogConfig: Setting CVar [[r.MaterialQualityLevel:1 ; High quality]]
[2020.10.24-02.05.29:450][  0]LogConfig: Setting CVar [[r.SSS.Scale:1]]
[2020.10.24-02.05.29:450][  0]LogConfig: Setting CVar [[r.SSS.SampleSet:2]]
[2020.10.24-02.05.29:450][  0]LogConfig: Setting CVar [[r.SSS.Quality:1]]
[2020.10.24-02.05.29:450][  0]LogConfig: Setting CVar [[r.SSS.HalfRes:0]]
[2020.10.24-02.05.29:450][  0]LogConfig: Setting CVar [[r.SSGI.Quality:3]]
[2020.10.24-02.05.29:450][  0]LogConfig: Setting CVar [[r.EmitterSpawnRateScale:1.0]]
[2020.10.24-02.05.29:450][  0]LogConfig: Setting CVar [[r.ParticleLightQuality:2]]
[2020.10.24-02.05.29:450][  0]LogConfig: Setting CVar [[r.SkyAtmosphere.AerialPerspectiveLUT.FastApplyOnOpaque:1 ; Always have FastSkyLUT 1 in this case to avoid wrong sky]]
[2020.10.24-02.05.29:450][  0]LogConfig: Setting CVar [[r.SkyAtmosphere.AerialPerspectiveLUT.SampleCountPerSlice:1]]
[2020.10.24-02.05.29:450][  0]LogConfig: Setting CVar [[r.SkyAtmosphere.AerialPerspectiveLUT.DepthResolution:16.0]]
[2020.10.24-02.05.29:450][  0]LogConfig: Setting CVar [[r.SkyAtmosphere.FastSkyLUT:1]]
[2020.10.24-02.05.29:450][  0]LogConfig: Setting CVar [[r.SkyAtmosphere.FastSkyLUT.SampleCountMin:4.0]]
[2020.10.24-02.05.29:450][  0]LogConfig: Setting CVar [[r.SkyAtmosphere.FastSkyLUT.SampleCountMax:32.0]]
[2020.10.24-02.05.29:450][  0]LogConfig: Setting CVar [[r.SkyAtmosphere.SampleCountMin:4.0]]
[2020.10.24-02.05.29:450][  0]LogConfig: Setting CVar [[r.SkyAtmosphere.SampleCountMax:32.0]]
[2020.10.24-02.05.29:450][  0]LogConfig: Setting CVar [[r.SkyAtmosphere.TransmittanceLUT.UseSmallFormat:0]]
[2020.10.24-02.05.29:450][  0]LogConfig: Setting CVar [[r.SkyAtmosphere.TransmittanceLUT.SampleCount:10.0]]
[2020.10.24-02.05.29:450][  0]LogConfig: Setting CVar [[r.SkyAtmosphere.MultiScatteringLUT.SampleCount:15.0]]
[2020.10.24-02.05.29:450][  0]LogConfig: Applying CVar settings from Section [FoliageQuality@3] File [D:/UEProjects/VEXSim/Saved/Config/Windows/Scalability.ini]
[2020.10.24-02.05.29:451][  0]LogConfig: Setting CVar [[foliage.DensityScale:1.0]]
[2020.10.24-02.05.29:451][  0]LogConfig: Setting CVar [[grass.DensityScale:1.0]]
[2020.10.24-02.05.29:451][  0]LogConfig: Applying CVar settings from Section [ShadingQuality@3] File [D:/UEProjects/VEXSim/Saved/Config/Windows/Scalability.ini]
[2020.10.24-02.05.29:451][  0]LogConfig: Setting CVar [[r.HairStrands.SkyLighting.SampleCount:16]]
[2020.10.24-02.05.29:451][  0]LogConfig: Setting CVar [[r.HairStrands.SkyLighting.JitterIntegration:0]]
[2020.10.24-02.05.29:451][  0]LogConfig: Setting CVar [[r.HairStrands.SkyAO.SampleCount:16]]
[2020.10.24-02.05.29:451][  0]LogConfig: Setting CVar [[r.HairStrands.DeepShadow.SuperSampling:0]]
[2020.10.24-02.05.29:451][  0]LogConfig: Setting CVar [[r.HairStrands.VisibilityPPLL:0]]
[2020.10.24-02.05.29:451][  0]LogConfig: Setting CVar [[r.HairStrands.RasterizationScale:0.5]]
[2020.10.24-02.05.29:451][  0]LogConfig: Setting CVar [[r.HairStrands.VelocityRasterizationScale:1]]
[2020.10.24-02.05.29:451][  0]LogConfig: Applying CVar settings from Section [Startup] File [../../../Engine/Config/ConsoleVariables.ini]
[2020.10.24-02.05.29:451][  0]LogConfig: Setting CVar [[net.UseAdaptiveNetUpdateFrequency:0]]
[2020.10.24-02.05.29:451][  0]LogConfig: Setting CVar [[p.chaos.AllowCreatePhysxBodies:1]]
[2020.10.24-02.05.29:451][  0]LogConfig: Setting CVar [[fx.SkipVectorVMBackendOptimizations:1]]
[2020.10.24-02.05.29:451][  0]LogConfig: Applying CVar settings from Section [ConsoleVariables] File [D:/UEProjects/VEXSim/Saved/Config/Windows/Engine.ini]
[2020.10.24-02.05.29:451][  0]LogInit: Computer: BLAZEMACHINE
[2020.10.24-02.05.29:451][  0]LogInit: User: dogeh
[2020.10.24-02.05.29:451][  0]LogInit: CPU Page size=4096, Cores=6
[2020.10.24-02.05.29:451][  0]LogInit: High frequency timer resolution =10.000000 MHz
[2020.10.24-02.05.29:452][  0]LogMemory: Memory total: Physical=15.8GB (16GB approx)
[2020.10.24-02.05.29:452][  0]LogMemory: Platform Memory Stats for Windows
[2020.10.24-02.05.29:452][  0]LogMemory: Process Physical Memory: 119.50 MB used, 119.51 MB peak
[2020.10.24-02.05.29:452][  0]LogMemory: Process Virtual Memory: 97.34 MB used, 97.34 MB peak
[2020.10.24-02.05.29:452][  0]LogMemory: Physical Memory: 6662.74 MB used,  9534.03 MB free, 16196.77 MB total
[2020.10.24-02.05.29:452][  0]LogMemory: Virtual Memory: 5167.15 MB used,  134212560.00 MB free, 134217728.00 MB total
[2020.10.24-02.05.29:719][  0]LogWindows: WindowsPlatformFeatures enabled
[2020.10.24-02.05.30:159][  0]LogInit: Physics initialised using underlying interface: PhysX
[2020.10.24-02.05.30:183][  0]LogInit: Using OS detected language (en-US).
[2020.10.24-02.05.30:183][  0]LogInit: Using OS detected locale (en-CA).
[2020.10.24-02.05.30:278][  0]LogTextLocalizationManager: No specific localization for 'en-US' exists, so the 'en' localization will be used.
[2020.10.24-02.05.30:909][  0]LogInit: Setting process to per monitor DPI aware
[2020.10.24-02.05.31:049][  0]LogSlate: New Slate User Created.  User Index 0, Is Virtual User: 0
[2020.10.24-02.05.31:049][  0]LogSlate: Slate User Registered.  User Index 0, Is Virtual User: 0
[2020.10.24-02.05.31:719][  0]LogHMD: Failed to initialize OpenVR with code 110
[2020.10.24-02.05.31:719][  0]LogD3D11RHI: D3D11 min allowed feature level: 11_0
[2020.10.24-02.05.31:719][  0]LogD3D11RHI: D3D11 max allowed feature level: 11_0
[2020.10.24-02.05.31:719][  0]LogD3D11RHI: D3D11 adapters:
[2020.10.24-02.05.31:826][  0]LogD3D11RHI:    0. 'NVIDIA GeForce RTX 2060' (Feature Level 11_0)
[2020.10.24-02.05.31:826][  0]LogD3D11RHI:       5980/0/8098 MB DedicatedVideo/DedicatedSystem/SharedSystem, Outputs:1, VendorId:0x10de
[2020.10.24-02.05.31:869][  0]LogD3D11RHI:    1. 'Intel(R) UHD Graphics 630' (Feature Level 11_0)
[2020.10.24-02.05.31:869][  0]LogD3D11RHI:       128/0/8098 MB DedicatedVideo/DedicatedSystem/SharedSystem, Outputs:0, VendorId:0x8086
[2020.10.24-02.05.31:877][  0]LogD3D11RHI:    2. 'Microsoft Basic Render Driver' (Feature Level 11_0)
[2020.10.24-02.05.31:877][  0]LogD3D11RHI:       0/0/8098 MB DedicatedVideo/DedicatedSystem/SharedSystem, Outputs:0, VendorId:0x1414
[2020.10.24-02.05.31:877][  0]LogD3D11RHI: Chosen D3D11 Adapter: 0
[2020.10.24-02.05.31:886][  0]LogD3D11RHI: Creating new Direct3DDevice
[2020.10.24-02.05.31:886][  0]LogD3D11RHI:     GPU DeviceId: 0x1f11 (for the marketing name, search the web for "GPU Device Id")
[2020.10.24-02.05.31:886][  0]LogWindows: EnumDisplayDevices:
[2020.10.24-02.05.31:886][  0]LogWindows:    0. 'Intel(R) UHD Graphics 630' (P:1 D:1)
[2020.10.24-02.05.31:887][  0]LogWindows:    1. 'Intel(R) UHD Graphics 630' (P:0 D:0)
[2020.10.24-02.05.31:887][  0]LogWindows:    2. 'Intel(R) UHD Graphics 630' (P:0 D:0)
[2020.10.24-02.05.31:887][  0]LogWindows:    3. 'NVIDIA GeForce RTX 2060' (P:0 D:0)
[2020.10.24-02.05.31:887][  0]LogWindows:    4. 'NVIDIA GeForce RTX 2060' (P:0 D:0)
[2020.10.24-02.05.31:888][  0]LogWindows:    5. 'NVIDIA GeForce RTX 2060' (P:0 D:0)
[2020.10.24-02.05.31:888][  0]LogWindows:    6. 'NVIDIA GeForce RTX 2060' (P:0 D:0)
[2020.10.24-02.05.31:888][  0]LogWindows: DebugString: PrimaryIsNotTheChoosenAdapter PrimaryIsNotTheChoosenAdapter PrimaryIsNotTheChoosenAdapter FoundDriverCount:4 
[2020.10.24-02.05.31:888][  0]LogD3D11RHI:     Adapter Name: NVIDIA GeForce RTX 2060
[2020.10.24-02.05.31:888][  0]LogD3D11RHI:   Driver Version: 456.55 (internal:27.21.14.5655, unified:456.55)
[2020.10.24-02.05.31:888][  0]LogD3D11RHI:      Driver Date: 9-24-2020
[2020.10.24-02.05.31:888][  0]LogRHI: Texture pool is 4186 MB (70% of 5980 MB)
[2020.10.24-02.05.31:966][  0]LogD3D11RHI: RHI has support for 64 bit atomics
[2020.10.24-02.05.31:966][  0]LogD3D11RHI: Async texture creation enabled
[2020.10.24-02.05.31:966][  0]LogD3D11RHI: Array index from any shader is supported
[2020.10.24-02.05.31:996][  0]LogD3D11RHI: GPU Timing Frequency: 1000.000000 (Debug: 2 1)
[2020.10.24-02.05.32:842][  0]LogTargetPlatformManager: Display: Loaded TargetPlatform 'AllDesktop'
[2020.10.24-02.05.32:872][  0]LogTargetPlatformManager: Display: Loaded TargetPlatform 'Android'
[2020.10.24-02.05.32:872][  0]LogTargetPlatformManager: Display: Loaded TargetPlatform 'Android_ASTC'
[2020.10.24-02.05.32:872][  0]LogTargetPlatformManager: Display: Loaded TargetPlatform 'Android_DXT'
[2020.10.24-02.05.32:872][  0]LogTargetPlatformManager: Display: Loaded TargetPlatform 'Android_ETC2'
[2020.10.24-02.05.32:872][  0]LogTargetPlatformManager: Display: Loaded TargetPlatform 'AndroidClient'
[2020.10.24-02.05.32:872][  0]LogTargetPlatformManager: Display: Loaded TargetPlatform 'Android_ASTCClient'
[2020.10.24-02.05.32:872][  0]LogTargetPlatformManager: Display: Loaded TargetPlatform 'Android_DXTClient'
[2020.10.24-02.05.32:872][  0]LogTargetPlatformManager: Display: Loaded TargetPlatform 'Android_ETC2Client'
[2020.10.24-02.05.32:872][  0]LogTargetPlatformManager: Display: Loaded TargetPlatform 'Android_Multi'
[2020.10.24-02.05.32:872][  0]LogTargetPlatformManager: Display: Loaded TargetPlatform 'Android_MultiClient'
[2020.10.24-02.05.33:027][  0]LogTargetPlatformManager: Display: Loaded TargetPlatform 'IOSClient'
[2020.10.24-02.05.33:027][  0]LogTargetPlatformManager: Display: Loaded TargetPlatform 'IOS'
[2020.10.24-02.05.33:095][  0]LogTargetPlatformManager: Display: Loaded TargetPlatform 'Linux'
[2020.10.24-02.05.33:150][  0]LogTargetPlatformManager: Display: Loaded TargetPlatform 'LinuxNoEditor'
[2020.10.24-02.05.33:220][  0]LogTargetPlatformManager: Display: Loaded TargetPlatform 'LinuxClient'
[2020.10.24-02.05.33:230][  0]LogTargetPlatformManager: Display: Loaded TargetPlatform 'LinuxServer'
[2020.10.24-02.05.33:266][  0]LogTargetPlatformManager: Display: Loaded TargetPlatform 'LinuxAArch64NoEditor'
[2020.10.24-02.05.33:278][  0]LogTargetPlatformManager: Display: Loaded TargetPlatform 'LinuxAArch64Client'
[2020.10.24-02.05.33:288][  0]LogTargetPlatformManager: Display: Loaded TargetPlatform 'LinuxAArch64Server'
[2020.10.24-02.05.33:318][  0]LogTargetPlatformManager: Display: Loaded TargetPlatform 'Lumin'
[2020.10.24-02.05.33:318][  0]LogTargetPlatformManager: Display: Loaded TargetPlatform 'LuminClient'
[2020.10.24-02.05.33:334][  0]LogTargetPlatformManager: Display: Loaded TargetPlatform 'TVOSClient'
[2020.10.24-02.05.33:334][  0]LogTargetPlatformManager: Display: Loaded TargetPlatform 'TVOS'
[2020.10.24-02.05.33:369][  0]LogTargetPlatformManager: Display: Loaded TargetPlatform 'WindowsNoEditor'
[2020.10.24-02.05.33:396][  0]LogTargetPlatformManager: Display: Loaded TargetPlatform 'Windows'
[2020.10.24-02.05.33:494][  0]LogTargetPlatformManager: Display: Loaded TargetPlatform 'WindowsClient'
[2020.10.24-02.05.33:514][  0]LogTargetPlatformManager: Display: Loaded TargetPlatform 'WindowsServer'
[2020.10.24-02.05.33:514][  0]LogTargetPlatformManager: Display: Building Assets For Windows
[2020.10.24-02.05.33:598][  0]LogAudioDebug: Display: Lib vorbis DLL was dynamically loaded.
[2020.10.24-02.05.34:293][  0]LogShaderCompilers: Guid format shader working directory is 13 characters bigger than the processId version (../../../../../UEProjects/VEXSim/Intermediate/Shaders/WorkingDirectory/11272/).
[2020.10.24-02.05.34:293][  0]LogShaderCompilers: Cleaned the shader compiler working directory 'C:/Users/dogeh/AppData/Local/Temp/UnrealShaderWorkingDir/5890DC774CB03E4A4CE3518347EFBDDC/'.
[2020.10.24-02.05.34:298][  0]LogXGEController: Cleaning working directory: C:/Users/dogeh/AppData/Local/Temp/UnrealXGEWorkingDir/
[2020.10.24-02.05.34:299][  0]LogXGEController: Cannot use XGE Controller as Incredibuild is not installed on this machine.
[2020.10.24-02.05.34:299][  0]LogShaderCompilers: Cannot use XGE Shader Compiler as Incredibuild is not installed on this machine.
[2020.10.24-02.05.34:299][  0]LogShaderCompilers: Display: Using Local Shader Compiler.
[2020.10.24-02.05.36:979][  0]LogDerivedDataCache: Display: Max Cache Size: 512 MB
[2020.10.24-02.05.37:091][  0]LogDerivedDataCache: Loaded boot cache 0.11s 77MB C:/Users/dogeh/AppData/Local/UnrealEngine/4.25/DerivedDataCache/Boot.ddc.
[2020.10.24-02.05.37:091][  0]LogDerivedDataCache: Display: Loaded Boot cache: C:/Users/dogeh/AppData/Local/UnrealEngine/4.25/DerivedDataCache/Boot.ddc
[2020.10.24-02.05.37:091][  0]LogDerivedDataCache: FDerivedDataBackendGraph:  Pak pak cache file ../../../../../UEProjects/VEXSim/DerivedDataCache/DDC.ddp not found, will not use a pak cache.
[2020.10.24-02.05.37:091][  0]LogDerivedDataCache: Unable to find inner node Pak for hierarchical cache Hierarchy.
[2020.10.24-02.05.37:091][  0]LogDerivedDataCache: FDerivedDataBackendGraph:  CompressedPak pak cache file ../../../../../UEProjects/VEXSim/DerivedDataCache/Compressed.ddp not found, will not use a pak cache.
[2020.10.24-02.05.37:091][  0]LogDerivedDataCache: Unable to find inner node CompressedPak for hierarchical cache Hierarchy.
[2020.10.24-02.05.37:100][  0]LogDerivedDataCache: Display: Pak cache opened for reading ../../../Engine/DerivedDataCache/Compressed.ddp.
[2020.10.24-02.05.37:100][  0]LogDerivedDataCache: FDerivedDataBackendGraph:  EnterprisePak pak cache file ../../../Enterprise/DerivedDataCache/Compressed.ddp not found, will not use a pak cache.
[2020.10.24-02.05.37:100][  0]LogDerivedDataCache: Unable to find inner node EnterprisePak for hierarchical cache Hierarchy.
[2020.10.24-02.05.37:101][  0]LogDerivedDataCache: Using Local data cache path C:/Users/dogeh/AppData/Local/UnrealEngine/Common/DerivedDataCache: Writable
[2020.10.24-02.05.37:101][  0]LogDerivedDataCache: Shared data cache path not found in *engine.ini, will not use an Shared cache.
[2020.10.24-02.05.37:101][  0]LogDerivedDataCache: Unable to find inner node Shared for hierarchical cache Hierarchy.
[2020.10.24-02.05.37:146][  0]LogSlate: Using FreeType 2.10.0
[2020.10.24-02.05.37:146][  0]LogSlate: SlateFontServices - WITH_FREETYPE: 1, WITH_HARFBUZZ: 1
[2020.10.24-02.05.37:366][  0]LogAssetRegistry: FAssetRegistry took 0.0093 seconds to start up
[2020.10.24-02.05.37:810][  0]LogInit: Selected Device Profile: [Windows]
[2020.10.24-02.05.38:965][  0]LogMeshReduction: Using QuadricMeshReduction for automatic static mesh reduction
[2020.10.24-02.05.38:965][  0]LogMeshReduction: Using SimplygonMeshReduction for automatic skeletal mesh reduction
[2020.10.24-02.05.38:965][  0]LogMeshReduction: Using ProxyLODMeshReduction for automatic mesh merging
[2020.10.24-02.05.38:965][  0]LogMeshReduction: No distributed automatic mesh merging module available
[2020.10.24-02.05.38:965][  0]LogMeshMerging: No distributed automatic mesh merging module available
[2020.10.24-02.05.39:152][  0]LogNetVersion: ProjectVEX 1.0.0, NetCL: 13144385, EngineNetVer: 14, GameNetVer: 0 (Checksum: 1738150443)
[2020.10.24-02.05.46:482][  0]LogAISub: UAISubsystem::UAISubsystem AISubsystem (00000266F7192980), frame # 0
[2020.10.24-02.05.46:482][  0]LogAISub: UAISubsystem::UAISubsystem AIPerceptionSystem (00000266F703EAC0), frame # 0
[2020.10.24-02.05.46:484][  0]LogAISub: UAISubsystem::UAISubsystem EnvQueryManager (00000266F7095C00), frame # 0
[2020.10.24-02.05.46:709][  0]LogPackageLocalizationCache: Processed 19 localized package path(s) for 1 prioritized culture(s) in 0.162040 seconds
[2020.10.24-02.05.46:713][  0]LogUObjectArray: 15917 objects as part of root set at end of initial load.
[2020.10.24-02.05.46:713][  0]LogUObjectAllocator: 3965568 out of 0 bytes used by permanent object pool.
[2020.10.24-02.05.46:713][  0]LogUObjectArray: CloseDisregardForGC: 0/0 objects in disregard for GC pool
[2020.10.24-02.05.49:433][  0]LogTcpMessaging: Initializing TcpMessaging bridge
[2020.10.24-02.05.49:452][  0]LogUdpMessaging: Initializing bridge on interface 0.0.0.0:0 to multicast group 230.0.0.1:6666.
[2020.10.24-02.05.50:208][  0]SourceControl: Source control is disabled
[2020.10.24-02.05.50:741][  0]LogVSAccessor: Display: Unable to create Visual Studio setup instance: 80040154
[2020.10.24-02.05.50:742][  0]LogVSAccessor: Display: Unable to create Visual Studio setup instance: 80040154
[2020.10.24-02.05.52:225][  0]LogAndroidPermission: UAndroidPermissionCallbackProxy::GetInstance
[2020.10.24-02.05.52:396][  0]LogAudioCaptureCore: Display: No Audio Capture implementations found. Audio input will be silent.
[2020.10.24-02.05.52:396][  0]LogAudioCaptureCore: Display: No Audio Capture implementations found. Audio input will be silent.
[2020.10.24-02.05.52:727][  0]LogOcInput: OculusInput pre-init called
[2020.10.24-02.05.52:860][  0]LogWindows: Failed to load 'OVRPlugin.dll' (GetLastError=126)
[2020.10.24-02.05.52:860][  0]LogWindows: File 'OVRPlugin.dll' does not exist
[2020.10.24-02.05.53:153][  0]LogEngine: Initializing Engine...
[2020.10.24-02.05.53:154][  0]LogHMD: Failed to initialize OpenVR with code 110
[2020.10.24-02.05.53:154][  0]LogMagicLeap: Warning: VR disabled because ZI is not enabled.  To enable, in the editor, Edit -> Project Settings -> Plugins -> Magic Leap Plugin -> Enable Zero Iteration
[2020.10.24-02.05.53:155][  0]LogStats: UGameplayTagsManager::InitializeManager -  0.000 s
[2020.10.24-02.05.53:774][  0]LogInit: Initializing FReadOnlyCVARCache
[2020.10.24-02.05.53:836][  0]LogAIModule: Creating AISystem for world Untitled
[2020.10.24-02.05.53:836][  0]LogAISub: UAISubsystem::UAISubsystem EnvQueryManager (00000266F8AD0600), frame # 0
[2020.10.24-02.05.53:837][  0]LogAISub: UAISubsystem::UAISubsystem AIPerceptionSystem (00000266F8A83B00), frame # 0
[2020.10.24-02.05.53:871][  0]LogAudioMixer: Display: Audio Mixer Platform Settings:
[2020.10.24-02.05.53:871][  0]LogAudioMixer: Display: 	Sample Rate:						  48000
[2020.10.24-02.05.53:871][  0]LogAudioMixer: Display: 	Callback Buffer Frame Size Requested: 1024
[2020.10.24-02.05.53:872][  0]LogAudioMixer: Display: 	Callback Buffer Frame Size To Use:	  1024
[2020.10.24-02.05.53:872][  0]LogAudioMixer: Display: 	Number of buffers to queue:			  2
[2020.10.24-02.05.53:872][  0]LogAudioMixer: Display: 	Max Channels (voices):				  32
[2020.10.24-02.05.53:872][  0]LogAudioMixer: Display: 	Number of Async Source Workers:		  0
[2020.10.24-02.05.53:872][  0]LogAudio: Display: AudioDevice MaxSources: 32
[2020.10.24-02.05.53:873][  0]LogAudio: Display: Using built-in audio occlusion.
[2020.10.24-02.05.53:873][  0]LogAudioMixer: Display: Initializing audio mixer.
[2020.10.24-02.05.53:981][  0]LogAudioMixer: Display: 0: FrontLeft
[2020.10.24-02.05.53:982][  0]LogAudioMixer: Display: 1: FrontRight
[2020.10.24-02.05.53:982][  0]LogAudioMixer: Display: 2: FrontCenter
[2020.10.24-02.05.53:982][  0]LogAudioMixer: Display: 3: LowFrequency
[2020.10.24-02.05.53:982][  0]LogAudioMixer: Display: 4: BackLeft
[2020.10.24-02.05.53:982][  0]LogAudioMixer: Display: 5: BackRight
[2020.10.24-02.05.53:982][  0]LogAudioMixer: Display: 6: SideLeft
[2020.10.24-02.05.53:982][  0]LogAudioMixer: Display: 7: SideRight
[2020.10.24-02.05.55:520][  0]LogAudioMixer: Display: Using Audio Device Speakers/Headphones (Realtek(R) Audio)
[2020.10.24-02.05.55:520][  0]LogAudioMixer: Display: Initializing Sound Submixes...
[2020.10.24-02.05.55:570][  0]LogAudioMixer: Display: Creating Master Submix 'MasterSubmixDefault'
[2020.10.24-02.05.55:571][  0]LogAudioMixer: Display: Creating Master Submix 'MasterReverbSubmixDefault'
[2020.10.24-02.05.55:574][  0]LogAudioMixer: Display: Creating Master Submix 'MasterEQSubmixDefault'
[2020.10.24-02.05.55:575][  0]LogInit: FAudioDevice initialized.
[2020.10.24-02.05.55:575][  0]LogNetVersion: Set ProjectVersion to 1.0.0.0. Version Checksum will be recalculated on next use.
[2020.10.24-02.05.55:636][  0]LogDerivedDataCache: Saved boot cache 0.06s 75MB C:/Users/dogeh/AppData/Local/UnrealEngine/4.25/DerivedDataCache/Boot.ddc.
[2020.10.24-02.05.55:642][  0]LogInit: Texture streaming: Enabled
[2020.10.24-02.05.55:800][  0]LogEngineSessionManager: EngineSessionManager initialized
[2020.10.24-02.05.55:802][  0]LogEngineSessionManager: EngineSessionManager sent abnormal shutdown report. Type=Crashed, SessionId={007AFCA6-4736-EFB6-C7FD-E68D83D13512}
[2020.10.24-02.05.55:802][  0]LogEditorSessionSummary: Verbose: Initializing EditorSessionSummaryWriter for editor session tracking
[2020.10.24-02.05.55:807][  0]LogEditorSessionSummary: EditorSessionSummaryWriter initialized
[2020.10.24-02.05.55:921][  0]LogInit: Transaction tracking system initialized
[2020.10.24-02.05.56:199][  0]BlueprintLog: New page: Editor Load
[2020.10.24-02.05.56:793][  0]LocalizationService: Localization service is disabled
[2020.10.24-02.05.57:388][  0]LogVSAccessor: Display: Unable to create Visual Studio setup instance: 80040154
[2020.10.24-02.05.57:389][  0]LogVSAccessor: Display: Unable to create Visual Studio setup instance: 80040154
[2020.10.24-02.05.58:749][  0]LogCook: Display: Max memory allowance for cook 16384mb min free memory 0mb
[2020.10.24-02.05.58:749][  0]LogCook: Display: Mobile HDR setting 1
[2020.10.24-02.05.58:902][  0]LogFileCache: Scanning file cache for directory 'D:/UEProjects/VEXSim/Content/' took 0.00s
[2020.10.24-02.06.01:474][  0]LogUnrealEdMisc: Loading editor; pre map load, took 43.532
[2020.10.24-02.06.01:474][  0]Cmd: MAP LOAD FILE="../../../../../UEProjects/VEXSim/Content/VehicleBP/Maps/VehicleExampleMap.umap" TEMPLATE=0 SHOWPROGRESS=1 FEATURELEVEL=3
[2020.10.24-02.06.01:475][  0]LightingResults: New page: Lighting Build
[2020.10.24-02.06.01:479][  0]LogWorld: UWorld::CleanupWorld for Untitled, bSessionEnded=true, bCleanupResources=true
[2020.10.24-02.06.01:479][  0]LogSlate: InvalidateAllWidgets triggered.  All widgets were invalidated
[2020.10.24-02.06.01:479][  0]MapCheck: New page: Map Check
[2020.10.24-02.06.01:479][  0]LightingResults: New page: Lighting Build
[2020.10.24-02.06.01:489][  0]LogAISub: UAISubsystem::~UAISubsystem EnvQueryManager (00000266F8AD0600), frame # 0
[2020.10.24-02.06.01:489][  0]LogAISub: UAISubsystem::~UAISubsystem AIPerceptionSystem (00000266F8A83B00), frame # 0
[2020.10.24-02.06.01:490][  0]LogUObjectHash: Compacting FUObjectHashTables data took   0.64ms
[2020.10.24-02.06.03:395][  0]LogAIModule: Creating AISystem for world VehicleExampleMap
[2020.10.24-02.06.03:395][  0]LogAISub: UAISubsystem::UAISubsystem EnvQueryManager (00000266897F5400), frame # 0
[2020.10.24-02.06.03:395][  0]LogAISub: UAISubsystem::UAISubsystem AIPerceptionSystem (000002668B8E3240), frame # 0
[2020.10.24-02.06.03:443][  0]LogEditorServer: Finished looking for orphan Actors (0.000 secs)
[2020.10.24-02.06.03:464][  0]LogUObjectHash: Compacting FUObjectHashTables data took   0.84ms
[2020.10.24-02.06.03:464][  0]Cmd: MAP CHECKDEP NOCLEARLOG
[2020.10.24-02.06.03:465][  0]MapCheck: Map check complete: 0 Error(s), 0 Warning(s), took 0.114ms to complete.
[2020.10.24-02.06.03:465][  0]LogFileHelpers: Loading map 'VehicleExampleMap' took 1.991
[2020.10.24-02.06.03:466][  0]LogUnrealEdMisc: Total Editor Startup Time, took 45.525
[2020.10.24-02.06.03:605][  0]LogSlate: Updating window title bar state: overlay mode, drag disabled, window buttons hidden, title bar hidden
[2020.10.24-02.06.03:612][  0]LogSlate: Updating window title bar state: overlay mode, drag disabled, window buttons hidden, title bar hidden
[2020.10.24-02.06.03:620][  0]LogSlate: Updating window title bar state: overlay mode, drag disabled, window buttons hidden, title bar hidden
[2020.10.24-02.06.03:628][  0]LogSlate: Updating window title bar state: overlay mode, drag disabled, window buttons hidden, title bar hidden
[2020.10.24-02.06.03:668][  0]LogCollectionManager: Loaded 0 collections in 0.001247 seconds
[2020.10.24-02.06.03:692][  0]LogFileCache: Scanning file cache for directory 'D:/UEProjects/VEXSim/Saved/Collections/' took 0.00s
[2020.10.24-02.06.03:692][  0]LogFileCache: Scanning file cache for directory 'D:/UEProjects/VEXSim/Content/Developers/dogeh/Collections/' took 0.00s
[2020.10.24-02.06.03:693][  0]LogFileCache: Scanning file cache for directory 'D:/UEProjects/VEXSim/Content/Collections/' took 0.00s
[2020.10.24-02.06.03:693][  0]LogContentBrowser: Native class hierarchy populated in 0.0088 seconds. Added 3429 classes and 824 folders.
[2020.10.24-02.06.03:720][  0]LogContentBrowser: Native class hierarchy updated for 'WidgetCarousel' in 0.0004 seconds. Added 0 classes and 0 folders.
[2020.10.24-02.06.04:496][  0]LogContentBrowser: Native class hierarchy updated for 'AddContentDialog' in 0.0003 seconds. Added 0 classes and 0 folders.
[2020.10.24-02.06.04:497][  0]LogContentBrowser: Native class hierarchy updated for 'SceneOutliner' in 0.0002 seconds. Added 2 classes and 0 folders.
[2020.10.24-02.06.04:552][  0]LogSlate: Took 0.000216 seconds to synchronously load lazily loaded font '../../../Engine/Content/Slate/Fonts/Roboto-Regular.ttf' (155K)
[2020.10.24-02.06.04:554][  0]LogSlate: Took 0.000315 seconds to synchronously load lazily loaded font '../../../Engine/Content/Slate/Fonts/Roboto-Bold.ttf' (160K)
[2020.10.24-02.06.04:564][  0]LogSlate: Took 0.006999 seconds to synchronously load lazily loaded font '../../../Engine/Content/Editor/Slate/Fonts/FontAwesome.ttf' (139K)
[2020.10.24-02.06.04:757][  0]LogRenderer: Reallocating scene render targets to support 964x432 Format 10 NumSamples 1 (Frame:1).
[2020.10.24-02.06.04:864][  0]LogContentBrowser: Native class hierarchy updated for 'HierarchicalLODOutliner' in 0.0003 seconds. Added 0 classes and 0 folders.
[2020.10.24-02.06.04:864][  0]LogLoad: (Engine Initialization) Total time: 46.92 seconds
[2020.10.24-02.06.04:864][  0]LogLoad: (Engine Initialization) Total Blueprint compile time: 0.00 seconds
[2020.10.24-02.06.04:884][  0]LogRawInputWindows: Warning: Found device 23 devices
[2020.10.24-02.06.04:884][  0]LogRawInputWindows: Warning: Found device 23 devices
[2020.10.24-02.06.04:885][  0]LogRawInputWindows: Warning: Device was registered succesfully but not connected (Usage:4 UsagePage:1)
[2020.10.24-02.06.04:885][  0]LogRawInputWindows: Warning: Found device 23 devices
[2020.10.24-02.06.04:885][  0]LogRawInputWindows: Warning: Device was registered succesfully but not connected (Usage:5 UsagePage:1)
[2020.10.24-02.06.04:908][  0]LogAssetRegistry: Asset discovery search completed in 27.5444 seconds
[2020.10.24-02.06.04:911][  0]LogCollectionManager: Fixed up redirectors for 0 collections in 0.000002 seconds (updated 0 objects)
[2020.10.24-02.06.04:971][  0]LogContentStreaming: Texture pool size now 1000 MB
[2020.10.24-02.06.05:031][  0]LogSlate: Took 0.007916 seconds to synchronously load lazily loaded font '../../../Engine/Content/Slate/Fonts/Roboto-Light.ttf' (167K)
[2020.10.24-02.06.11:784][373]LogEditorFactories: Performing atomic reimport of [C:/Users/dogeh/OneDrive/Documents/Blender/VexRobs/2020Game.fbx]
[2020.10.24-02.06.11:788][373]LogSlate: Took 0.000169 seconds to synchronously load lazily loaded font '../../../Engine/Content/Slate/Fonts/Roboto-Light.ttf' (167K)
[2020.10.24-02.06.11:888][373]LogFbx: Loading FBX Scene from C:/Users/dogeh/OneDrive/Documents/Blender/VexRobs/2020Game.fbx
[2020.10.24-02.06.12:340][373]LogFbx: FBX Scene Loaded Succesfully
[2020.10.24-02.06.17:869][373]LogStaticMesh: Building static mesh 2020Game...
[2020.10.24-02.06.31:096][373]LogStaticMesh: Built static mesh [13.23s] /Engine/Transient.2020Game
[2020.10.24-02.06.38:921][373]LogFbx: Display: Triangulating static mesh 276-6498-000 Rev8 Official Set Up.776
[2020.10.24-02.07.10:422][373]LogStaticMesh: Building static mesh 2020Game...
[2020.10.24-02.07.22:502][373]LogStaticMesh: Built static mesh [12.08s] /Game/VehicleBP/Models/2020Game/2020Game.2020Game
[2020.10.24-02.07.26:631][373]LogStaticMesh: Warning: 2020Game has degenerate tangent bases which will result in incorrect shading.  MikkTSpace relies on tangent bases and may result in mesh corruption, consider disabling this option.
[2020.10.24-02.07.26:631][373]LogStaticMesh: Warning: 2020Game has some nearly zero bi-normals which can create some issues. (Tolerance of 1E-4)
[2020.10.24-02.07.31:065][373]LogEditorFactories: -- imported successfully
[2020.10.24-02.07.31:146][373]FBXImport: Warning: No smoothing group information was found in this FBX scene.  Please make sure to enable the 'Export Smoothing Groups' option in the FBX Exporter plug-in before exporting the file.  Even for tools that don't support smoothing groups, the FBX Exporter will generate appropriate smoothing data at export-time so that correct vertex normals can be inferred while importing. 
[2020.10.24-02.07.31:146][373]FBXImport: Warning: 2020Game has degenerate tangent bases which will result in incorrect shading.  MikkTSpace relies on tangent bases and may result in mesh corruption, consider disabling this option. 
[2020.10.24-02.07.31:146][373]FBXImport: Warning: 2020Game has some nearly zero bi-normals which can create some issues. (Tolerance of 1E-4) 
[2020.10.24-02.08.01:843][635]LogUObjectHash: Compacting FUObjectHashTables data took   0.64ms
[2020.10.24-02.08.02:821][635]LogSlate: Window 'Save Content' being destroyed
[2020.10.24-02.08.03:061][635]Cmd: OBJ SAVEPACKAGE PACKAGE="/Game/VehicleBP/Maps/VehicleExampleMap" FILE="../../../../../UEProjects/VEXSim/Content/VehicleBP/Maps/VehicleExampleMap.umap" SILENT=true AUTOSAVING=false KEEPDIRTY=false
[2020.10.24-02.08.03:071][635]LogUObjectHash: Compacting FUObjectHashTables data took   0.22ms
[2020.10.24-02.08.03:122][635]LogSavePackage: Moving '../../../../../UEProjects/VEXSim/Saved/VehicleExampleMap68EF007F4B00BF37A1641D8A4A90B9E7.tmp' to '../../../../../UEProjects/VEXSim/Content/VehicleBP/Maps/VehicleExampleMap.umap'
[2020.10.24-02.08.03:152][635]LogFileHelpers: Saving map 'VehicleExampleMap' took 0.091
[2020.10.24-02.08.03:152][635]Cmd: OBJ SAVEPACKAGE PACKAGE="/Game/VehicleBP/Maps/VehicleExampleMap_BuiltData" FILE="../../../../../UEProjects/VEXSim/Content/VehicleBP/Maps/VehicleExampleMap_BuiltData.uasset" SILENT=true
[2020.10.24-02.08.03:635][635]LogSavePackage: Moving '../../../../../UEProjects/VEXSim/Saved/VehicleExampleMap_BuiltDataC64187154F6769465A53239B19A10CB8.tmp' to '../../../../../UEProjects/VEXSim/Content/VehicleBP/Maps/VehicleExampleMap_BuiltData.uasset'
[2020.10.24-02.08.03:654][635]Cmd: OBJ SAVEPACKAGE PACKAGE="/Game/VehicleBP/Models/2020Game/2020Game" FILE="../../../../../UEProjects/VEXSim/Content/VehicleBP/Models/2020Game/2020Game.uasset" SILENT=true
[2020.10.24-02.08.05:052][635]LogSavePackage: Moving '../../../../../UEProjects/VEXSim/Saved/2020Game1FD19BE945E86EDED9A90CA8A28929E5.tmp' to '../../../../../UEProjects/VEXSim/Content/VehicleBP/Models/2020Game/2020Game.uasset'
[2020.10.24-02.08.05:095][635]AssetCheck: New page: Asset Save: multiple assets
[2020.10.24-02.08.05:095][635]LogContentValidation: Display: Validating World /Game/VehicleBP/Maps/VehicleExampleMap.VehicleExampleMap
[2020.10.24-02.08.05:095][635]LogContentValidation: Display: Validating MapBuildDataRegistry /Game/VehicleBP/Maps/VehicleExampleMap_BuiltData.VehicleExampleMap_BuiltData
[2020.10.24-02.08.05:095][635]LogContentValidation: Display: Validating StaticMesh /Game/VehicleBP/Models/2020Game/2020Game.2020Game
[2020.10.24-02.08.06:003][682]LogAssetEditorSubsystem: Opening Asset editor for StaticMesh /Game/VehicleBP/Models/2020Game/2020Game.2020Game
[2020.10.24-02.08.07:086][682]LogWorld: UWorld::CleanupWorld for World_1, bSessionEnded=true, bCleanupResources=true
[2020.10.24-02.08.07:086][682]LogSlate: InvalidateAllWidgets triggered.  All widgets were invalidated
[2020.10.24-02.08.08:512][682]LogRenderer: Reallocating scene render targets to support 1144x684 Format 10 NumSamples 1 (Frame:1).
[2020.10.24-02.08.48:609][715]LogAssetEditorSubsystem: Opening Asset editor for Material /Game/VehicleBP/Models/Field/WhiteTape.WhiteTape
[2020.10.24-02.08.48:610][715]LogMaterial: Display: Missing cached shader map for material WhiteTape, compiling. 
[2020.10.24-02.08.48:717][715]LogMaterial: Display: Missing cached shader map for material WhiteTape, compiling. 
[2020.10.24-02.08.48:723][715]LogMaterial: Display: Missing cached shader map for material WhiteTape, compiling. 
[2020.10.24-02.08.48:735][715]LogShaderCompilers: Display: Worker (1/9): shaders left to compile 9
[2020.10.24-02.08.48:735][715]LogShaderCompilers: Display: Worker (2/9): shaders left to compile 8
[2020.10.24-02.08.48:735][715]LogShaderCompilers: Display: Worker (3/9): shaders left to compile 7
[2020.10.24-02.08.48:735][715]LogShaderCompilers: Display: Worker (4/9): shaders left to compile 6
[2020.10.24-02.08.48:735][715]LogShaderCompilers: Display: Worker (5/9): shaders left to compile 5
[2020.10.24-02.08.48:735][715]LogShaderCompilers: Display: Worker (6/9): shaders left to compile 4
[2020.10.24-02.08.48:735][715]LogShaderCompilers: Display: Worker (7/9): shaders left to compile 3
[2020.10.24-02.08.48:735][715]LogShaderCompilers: Display: Worker (8/9): shaders left to compile 2
[2020.10.24-02.08.48:737][715]LogMaterial: Display: Missing cached shader map for material FMatExpressionPreview MaterialExpressionVectorParameter_0, compiling. 
[2020.10.24-02.08.48:794][715]LogSlate: Took 0.020759 seconds to synchronously load lazily loaded font '../../../Engine/Content/Slate/Fonts/Roboto-BoldCondensed.ttf' (158K)
[2020.10.24-02.08.48:894][716]LogSlate: Took 0.000197 seconds to synchronously load lazily loaded font '../../../Engine/Content/Slate/Fonts/Roboto-Italic.ttf' (157K)
[2020.10.24-02.08.50:361][795]LogShaderCompilers: Display: Worker (6/9): shaders left to compile 5
[2020.10.24-02.08.50:380][796]LogShaderCompilers: Display: Worker (3/9): shaders left to compile 4
[2020.10.24-02.08.50:597][808]LogShaderCompilers: Display: Worker (2/9): shaders left to compile 3
[2020.10.24-02.08.50:650][811]LogShaderCompilers: Display: Worker (8/9): shaders left to compile 2
[2020.10.24-02.08.50:730][815]LogShaderCompilers: Display: Worker (4/9): shaders left to compile 1
[2020.10.24-02.08.51:056][832]MaterialEditorStats: Base pass shader: 119 instructions
[2020.10.24-02.08.51:056][832]MaterialEditorStats: Base pass shader with Volumetric Lightmap: 193 instructions
[2020.10.24-02.08.51:056][832]MaterialEditorStats: Base pass vertex shader: 40 instructions
[2020.10.24-02.08.51:056][832]MaterialEditorStats: Texture samplers: 2/16
[2020.10.24-02.08.51:092][832]LogSlate: Took 0.019212 seconds to synchronously load lazily loaded font '../../../Engine/Content/Slate/Fonts/DroidSansMono.ttf' (77K)
[2020.10.24-02.08.51:438][853]LogMaterial: Display: Missing cached shader map for material WhiteTape, compiling. 
[2020.10.24-02.08.51:477][853]LogShaderCompilers: Display: Worker (1/9): shaders left to compile 14
[2020.10.24-02.08.51:477][853]LogShaderCompilers: Display: Worker (2/9): shaders left to compile 13
[2020.10.24-02.08.51:477][853]LogShaderCompilers: Display: Worker (3/9): shaders left to compile 12
[2020.10.24-02.08.51:477][853]LogShaderCompilers: Display: Worker (4/9): shaders left to compile 11
[2020.10.24-02.08.51:477][853]LogShaderCompilers: Display: Worker (5/9): shaders left to compile 10
[2020.10.24-02.08.51:477][853]LogShaderCompilers: Display: Worker (6/9): shaders left to compile 9
[2020.10.24-02.08.51:477][853]LogShaderCompilers: Display: Worker (7/9): shaders left to compile 8
[2020.10.24-02.08.51:477][853]LogShaderCompilers: Display: Worker (8/9): shaders left to compile 7
[2020.10.24-02.08.51:478][853]LogMaterial: Display: Missing cached shader map for material WhiteTape, compiling. 
[2020.10.24-02.08.51:488][853]LogMaterial: Display: Missing cached shader map for material WhiteTape, compiling. 
[2020.10.24-02.08.51:763][868]LogShaderCompilers: Display: Worker (3/9): shaders left to compile 14
[2020.10.24-02.08.51:940][876]LogShaderCompilers: Display: Worker (2/9): shaders left to compile 13
[2020.10.24-02.08.52:172][886]LogShaderCompilers: Display: Worker (5/9): shaders left to compile 12
[2020.10.24-02.08.52:260][888]LogShaderCompilers: Display: Worker (8/9): shaders left to compile 11
[2020.10.24-02.08.52:424][894]LogShaderCompilers: Display: Worker (4/9): shaders left to compile 10
[2020.10.24-02.08.52:431][895]LogShaderCompilers: Display: Worker (2/9): shaders left to compile 9
[2020.10.24-02.08.52:449][896]LogShaderCompilers: Display: Worker (5/9): shaders left to compile 8
[2020.10.24-02.08.52:577][902]LogShaderCompilers: Display: Worker (6/9): shaders left to compile 7
[2020.10.24-02.08.52:596][903]LogShaderCompilers: Display: Worker (1/9): shaders left to compile 6
[2020.10.24-02.08.52:633][905]LogShaderCompilers: Display: Worker (7/9): shaders left to compile 5
[2020.10.24-02.08.52:779][913]LogMaterialEditor: Applying material WhiteTape
[2020.10.24-02.08.53:463][913]LogShaderCompilers: Display: Worker (3/9): shaders left to compile 4
[2020.10.24-02.08.53:463][913]LogShaderCompilers: Display: Worker (7/9): shaders left to compile 3
[2020.10.24-02.08.53:463][913]LogShaderCompilers: Display: Worker (4/9): shaders left to compile 2
[2020.10.24-02.08.53:463][913]LogShaderCompilers: Display: Worker (8/9): shaders left to compile 1
[2020.10.24-02.08.53:482][913]LogMaterial: Display: Missing cached shader map for material WhiteTape, compiling. 
[2020.10.24-02.08.53:509][913]LogShaderCompilers: Display: Worker (1/9): shaders left to compile 14
[2020.10.24-02.08.53:509][913]LogShaderCompilers: Display: Worker (2/9): shaders left to compile 13
[2020.10.24-02.08.53:509][913]LogShaderCompilers: Display: Worker (3/9): shaders left to compile 12
[2020.10.24-02.08.53:509][913]LogShaderCompilers: Display: Worker (4/9): shaders left to compile 11
[2020.10.24-02.08.53:509][913]LogShaderCompilers: Display: Worker (5/9): shaders left to compile 10
[2020.10.24-02.08.53:509][913]LogShaderCompilers: Display: Worker (6/9): shaders left to compile 9
[2020.10.24-02.08.53:509][913]LogShaderCompilers: Display: Worker (7/9): shaders left to compile 8
[2020.10.24-02.08.53:534][913]LogMaterial: Display: Missing cached shader map for material WhiteTape, compiling. 
[2020.10.24-02.08.53:570][913]LogUObjectHash: Compacting FUObjectHashTables data took   0.96ms
[2020.10.24-02.08.53:580][913]LogMaterial: Display: Missing cached shader map for material DebugViewMode MaterialTexCoordScale, compiling. 
[2020.10.24-02.08.54:148][913]LogShaderCompilers: Display: Worker (8/9): shaders left to compile 29
[2020.10.24-02.08.54:148][913]LogShaderCompilers: Display: Worker (3/9): shaders left to compile 28
[2020.10.24-02.08.54:148][913]LogShaderCompilers: Display: Worker (2/9): shaders left to compile 27
[2020.10.24-02.08.54:148][913]LogShaderCompilers: Display: Worker (5/9): shaders left to compile 26
[2020.10.24-02.08.54:148][913]LogShaderCompilers: Display: Worker (8/9): shaders left to compile 25
[2020.10.24-02.08.54:148][913]LogShaderCompilers: Display: Worker (2/9): shaders left to compile 24
[2020.10.24-02.08.54:578][913]LogShaderCompilers: Display: Worker (4/9): shaders left to compile 23
[2020.10.24-02.08.54:578][913]LogShaderCompilers: Display: Worker (1/9): shaders left to compile 22
[2020.10.24-02.08.54:578][913]LogShaderCompilers: Display: Worker (6/9): shaders left to compile 21
[2020.10.24-02.08.54:578][913]LogShaderCompilers: Display: Worker (7/9): shaders left to compile 20
[2020.10.24-02.08.54:578][913]LogShaderCompilers: Display: Worker (3/9): shaders left to compile 17
[2020.10.24-02.08.54:578][913]LogShaderCompilers: Display: Worker (8/9): shaders left to compile 14
[2020.10.24-02.08.54:578][913]LogShaderCompilers: Display: Worker (1/9): shaders left to compile 12
[2020.10.24-02.08.54:578][913]LogShaderCompilers: Display: Worker (2/9): shaders left to compile 10
[2020.10.24-02.08.54:578][913]LogShaderCompilers: Display: Worker (5/9): shaders left to compile 8
[2020.10.24-02.08.54:578][913]LogShaderCompilers: Display: Worker (6/9): shaders left to compile 6
[2020.10.24-02.08.54:590][913]TextureStreamingBuild: Display: Compiling optional shaders took 1.017 seconds.
[2020.10.24-02.08.54:601][913]LogUObjectHash: Compacting FUObjectHashTables data took   1.23ms
[2020.10.24-02.08.55:066][929]LogShaderCompilers: Display: Worker (4/9): shaders left to compile 5
[2020.10.24-02.08.55:270][938]LogShaderCompilers: Display: Worker (6/9): shaders left to compile 4
[2020.10.24-02.08.55:397][943]LogShaderCompilers: Display: Worker (4/9): shaders left to compile 3
[2020.10.24-02.08.55:814][964]LogShaderCompilers: Display: Worker (2/9): shaders left to compile 2
[2020.10.24-02.08.55:815][964]LogMaterialEditor: Saving and Compiling material WhiteTape
[2020.10.24-02.08.55:945][964]LogShaderCompilers: Display: Worker (6/9): shaders left to compile 1
[2020.10.24-02.08.56:434][964]Cmd: OBJ SAVEPACKAGE PACKAGE="/Game/VehicleBP/Models/Field/WhiteTape" FILE="../../../../../UEProjects/VEXSim/Content/VehicleBP/Models/Field/WhiteTape.uasset" SILENT=true
[2020.10.24-02.08.56:450][964]LogSavePackage: Moving '../../../../../UEProjects/VEXSim/Saved/WhiteTape4EC098D442D474B79EDD33B1221AC72A.tmp' to '../../../../../UEProjects/VEXSim/Content/VehicleBP/Models/Field/WhiteTape.uasset'
[2020.10.24-02.08.56:457][964]AssetCheck: New page: Asset Save: WhiteTape
[2020.10.24-02.08.56:457][964]LogContentValidation: Display: Validating Material /Game/VehicleBP/Models/Field/WhiteTape.WhiteTape
[2020.10.24-02.08.56:459][964]MaterialEditorStats: Base pass shader: 124 instructions
[2020.10.24-02.08.56:460][964]MaterialEditorStats: Base pass shader with Volumetric Lightmap: 198 instructions
[2020.10.24-02.08.56:460][964]MaterialEditorStats: Base pass vertex shader: 45 instructions
[2020.10.24-02.08.56:460][964]MaterialEditorStats: Texture samplers: 3/16
[2020.10.24-02.08.59:811][159]LogSlate: Window 'WhiteTape' being destroyed
[2020.10.24-02.08.59:815][159]LogSlate: Window 'WhiteTape' being destroyed
[2020.10.24-02.08.59:829][159]LogWorld: UWorld::CleanupWorld for World_2, bSessionEnded=true, bCleanupResources=true
[2020.10.24-02.08.59:829][159]LogSlate: InvalidateAllWidgets triggered.  All widgets were invalidated
[2020.10.24-02.08.59:936][159]LogWorld: UWorld::CleanupWorld for World_4, bSessionEnded=true, bCleanupResources=true
[2020.10.24-02.08.59:936][159]LogSlate: InvalidateAllWidgets triggered.  All widgets were invalidated
[2020.10.24-02.09.24:970][172]SourceControl: fatal: D:/UE4/UE_4.25/Engine/Content: 'D:/UE4/UE_4.25/Engine/Content' is outside repository
[2020.10.24-02.09.24:970][172]SourceControl: fatal: D:/UE4/UE_4.25/Engine/Plugins/2D/Paper2D/Content: 'D:/UE4/UE_4.25/Engine/Plugins/2D/Paper2D/Content' is outside repository
[2020.10.24-02.09.24:970][172]SourceControl: fatal: D:/UE4/UE_4.25/Engine/Plugins/Developer/AnimationSharing/Content: 'D:/UE4/UE_4.25/Engine/Plugins/Developer/AnimationSharing/Content' is outside repository
[2020.10.24-02.09.24:970][172]SourceControl: fatal: D:/UE4/UE_4.25/Engine/Plugins/Editor/GeometryMode/Content: 'D:/UE4/UE_4.25/Engine/Plugins/Editor/GeometryMode/Content' is outside repository
[2020.10.24-02.09.24:970][172]SourceControl: fatal: D:/UE4/UE_4.25/Engine/Plugins/Enterprise/DatasmithContent/Content: 'D:/UE4/UE_4.25/Engine/Plugins/Enterprise/DatasmithContent/Content' is outside repository
[2020.10.24-02.09.24:970][172]SourceControl: fatal: D:/UE4/UE_4.25/Engine/Plugins/Experimental/ChaosClothEditor/Content: 'D:/UE4/UE_4.25/Engine/Plugins/Experimental/ChaosClothEditor/Content' is outside repository
[2020.10.24-02.09.24:970][172]SourceControl: fatal: D:/UE4/UE_4.25/Engine/Plugins/Experimental/ChaosNiagara/Content: 'D:/UE4/UE_4.25/Engine/Plugins/Experimental/ChaosNiagara/Content' is outside repository
[2020.10.24-02.09.24:970][172]SourceControl: fatal: D:/UE4/UE_4.25/Engine/Plugins/Experimental/ChaosSolverPlugin/Content: 'D:/UE4/UE_4.25/Engine/Plugins/Experimental/ChaosSolverPlugin/Content' is outside repository
[2020.10.24-02.09.24:970][172]SourceControl: fatal: D:/UE4/UE_4.25/Engine/Plugins/Experimental/GeometryCollectionPlugin/Content: 'D:/UE4/UE_4.25/Engine/Plugins/Experimental/GeometryCollectionPlugin/Content' is outside repository
[2020.10.24-02.09.24:970][172]SourceControl: fatal: D:/UE4/UE_4.25/Engine/Plugins/Experimental/GeometryProcessing/Content: 'D:/UE4/UE_4.25/Engine/Plugins/Experimental/GeometryProcessing/Content' is outside repository
[2020.10.24-02.09.24:970][172]SourceControl: fatal: D:/UE4/UE_4.25/Engine/Plugins/FX/Niagara/Content: 'D:/UE4/UE_4.25/Engine/Plugins/FX/Niagara/Content' is outside repository
[2020.10.24-02.09.24:970][172]SourceControl: fatal: D:/UE4/UE_4.25/Engine/Plugins/Lumin/MagicLeap/Content: 'D:/UE4/UE_4.25/Engine/Plugins/Lumin/MagicLeap/Content' is outside repository
[2020.10.24-02.09.24:970][172]SourceControl: fatal: D:/UE4/UE_4.25/Engine/Plugins/Lumin/MagicLeapPassableWorld/Content: 'D:/UE4/UE_4.25/Engine/Plugins/Lumin/MagicLeapPassableWorld/Content' is outside repository
[2020.10.24-02.09.24:970][172]SourceControl: fatal: D:/UE4/UE_4.25/Engine/Plugins/Media/MediaCompositing/Content: 'D:/UE4/UE_4.25/Engine/Plugins/Media/MediaCompositing/Content' is outside repository
[2020.10.24-02.09.24:970][172]SourceControl: fatal: D:/UE4/UE_4.25/Engine/Plugins/MovieScene/MovieRenderPipeline/Content: 'D:/UE4/UE_4.25/Engine/Plugins/MovieScene/MovieRenderPipeline/Content' is outside repository
[2020.10.24-02.09.24:970][172]SourceControl: fatal: D:/UE4/UE_4.25/Engine/Plugins/Runtime/Oculus/OculusVR/Content: 'D:/UE4/UE_4.25/Engine/Plugins/Runtime/Oculus/OculusVR/Content' is outside repository
[2020.10.24-02.09.24:970][172]SourceControl: fatal: D:/UE4/UE_4.25/Engine/Plugins/Runtime/PostSplashScreen/Content: 'D:/UE4/UE_4.25/Engine/Plugins/Runtime/PostSplashScreen/Content' is outside repository
[2020.10.24-02.09.24:970][172]SourceControl: fatal: D:/UE4/UE_4.25/Engine/Plugins/Runtime/Steam/SteamVR/Content: 'D:/UE4/UE_4.25/Engine/Plugins/Runtime/Steam/SteamVR/Content' is outside repository
[2020.10.24-02.09.46:089][172]LogSlate: Window 'Submit Files' being destroyed
[2020.10.24-02.09.58:147][172]LogSourceControl: commit successful: [main 89bfe4e] MORE field stuff
[2020.10.24-02.09.58:356][172]SourceControl: [main 89bfe4e] MORE field stuff
[2020.10.24-02.09.58:356][172]SourceControl:  6 files changed, 0 insertions(+), 0 deletions(-)
[2020.10.24-02.09.58:356][172]SourceControl:  create mode 100644 Content/VehicleBP/Blueprints/Field.uasset
[2020.10.24-02.09.58:356][172]SourceControl:  rewrite Content/VehicleBP/Models/Field/WhiteTape.uasset (94%)
[2020.10.24-02.09.58:359][172]SourceControl: Commited [main 89bfe4e] MORE field stuff.
